2024-08-16T05:17:37.913Z - info: Website generation (lazy) started at 1:17:29 pm
2024-08-16T05:17:53.610Z - warn: ENOENT: no such file or directory, open 'C:\repos\nus-cs2103\cs2103-website-base\cache\gh-pages\https!github.com!nus-cs2103-AY2425S1!website.git\book\_markbind\variables.md'
2024-08-16T05:17:53.612Z - warn: ENOENT: no such file or directory, open 'C:\repos\nus-cs2103\cs2103-website-base\cache\gh-pages\https!github.com!nus-cs2103-AY2425S1!website.git\_markbind\variables.md'
2024-08-16T05:17:53.689Z - info: Building assets...
2024-08-16T05:18:52.267Z - info: Assets built
2024-08-16T05:18:52.271Z - info: Generating landing page...
2024-08-16T05:18:53.245Z - info: Landing page built, other pages will be built as you navigate to them!
2024-08-16T05:18:55.064Z - info: Site data built
2024-08-16T05:18:55.064Z - info: Website generation (lazy) complete! Total build time: 85.884s
2024-08-16T05:18:55.591Z - info: Serving "C:\repos\nus-cs2103\cs2103-website-base\_site" at http://127.0.0.1:8080
2024-08-16T05:18:55.592Z - info: Press CTRL+C to stop ...
2024-08-16T05:24:24.704Z - info: Building C:\repos\nus-cs2103\cs2103-website-base\schedule\week1\topics-py as some of its dependencies were changed since the last visit
2024-08-16T05:24:25.857Z - info: Site data built
2024-08-16T05:24:25.858Z - info: Lazy website regeneration complete! Total build time: 1.156s
2024-08-16T05:25:43.878Z - info: [1:25:43 pm] Reload for file change: C:\repos\nus-cs2103\cs2103-website-base\programming\usingFunctions\e-lengthOfName.md
2024-08-16T05:25:43.879Z - info: Synchronizing opened pages list before reload
2024-08-16T05:25:43.880Z - info: Current opened pages, from most-to-least recent:
2024-08-16T05:25:43.880Z - info: 1. schedule/week1/topics-py
2024-08-16T05:25:44.889Z - info: Rebuilding 1 pages
2024-08-16T05:25:45.476Z - info: Site data built
2024-08-16T05:25:45.476Z - info: Pages rebuilt
2024-08-16T05:25:45.477Z - info: Website regeneration complete! Total build time: 0.588s
2024-08-16T05:26:08.805Z - info: [1:26:08 pm] Reload for file change: C:\repos\nus-cs2103\cs2103-website-base\programming\usingFunctions\e-lengthOfName.md
2024-08-16T05:26:08.806Z - info: Synchronizing opened pages list before reload
2024-08-16T05:26:08.806Z - info: Current opened pages, from most-to-least recent:
2024-08-16T05:26:08.806Z - info: 1. schedule/week1/topics-py
2024-08-16T05:26:09.818Z - info: Rebuilding 1 pages
2024-08-16T05:26:10.470Z - info: Site data built
2024-08-16T05:26:10.471Z - info: Pages rebuilt
2024-08-16T05:26:10.471Z - info: Website regeneration complete! Total build time: 0.654s
2024-08-16T05:26:25.591Z - info: [1:26:25 pm] Reload for file change: C:\repos\nus-cs2103\cs2103-website-base\programming\usingFunctions\e-lengthOfName.md
2024-08-16T05:26:25.592Z - info: Synchronizing opened pages list before reload
2024-08-16T05:26:25.592Z - info: Current opened pages, from most-to-least recent:
2024-08-16T05:26:25.593Z - info: 1. schedule/week1/topics-py
2024-08-16T05:26:26.595Z - info: Rebuilding 1 pages
2024-08-16T05:26:27.052Z - info: Site data built
2024-08-16T05:26:27.052Z - info: Pages rebuilt
2024-08-16T05:26:27.052Z - info: Website regeneration complete! Total build time: 0.458s
2024-08-16T05:28:09.727Z - info: [1:28:09 pm] Reload for file change: C:\repos\nus-cs2103\cs2103-website-base\programming\usingFunctions\e-lengthOfName.md
2024-08-16T05:28:09.728Z - info: Synchronizing opened pages list before reload
2024-08-16T05:28:09.728Z - info: Current opened pages, from most-to-least recent:
2024-08-16T05:28:09.729Z - info: 1. schedule/week1/topics-py
2024-08-16T05:28:10.739Z - info: Rebuilding 1 pages
2024-08-16T05:28:11.330Z - info: Site data built
2024-08-16T05:28:11.331Z - info: Pages rebuilt
2024-08-16T05:28:11.331Z - info: Website regeneration complete! Total build time: 0.593s
2024-08-16T05:28:28.476Z - info: [1:28:28 pm] Reload for file change: C:\repos\nus-cs2103\cs2103-website-base\programming\usingFunctions\e-lengthOfName.md
2024-08-16T05:28:28.476Z - info: Synchronizing opened pages list before reload
2024-08-16T05:28:28.477Z - info: Current opened pages, from most-to-least recent:
2024-08-16T05:28:28.477Z - info: 1. schedule/week1/topics-py
2024-08-16T05:28:29.491Z - info: Rebuilding 1 pages
2024-08-16T05:28:29.996Z - info: Site data built
2024-08-16T05:28:29.997Z - info: Pages rebuilt
2024-08-16T05:28:29.997Z - info: Website regeneration complete! Total build time: 0.508s
2024-08-16T05:30:27.891Z - info: [1:30:27 pm] Reload for file change: C:\repos\nus-cs2103\cs2103-website-base\programming\usingFunctions\e-lengthOfName.md
2024-08-16T05:30:27.892Z - info: Synchronizing opened pages list before reload
2024-08-16T05:30:27.892Z - info: Current opened pages, from most-to-least recent:
2024-08-16T05:30:27.893Z - info: 1. schedule/week1/topics-py
2024-08-16T05:30:28.895Z - info: Rebuilding 1 pages
2024-08-16T05:30:29.550Z - info: Site data built
2024-08-16T05:30:29.551Z - info: Pages rebuilt
2024-08-16T05:30:29.551Z - info: Website regeneration complete! Total build time: 0.658s
2024-08-16T05:31:04.007Z - info: [1:31:04 pm] Reload for file change: C:\repos\nus-cs2103\cs2103-website-base\programming\usingFunctions\e-lengthOfName.md
2024-08-16T05:31:04.007Z - info: Synchronizing opened pages list before reload
2024-08-16T05:31:04.008Z - info: Current opened pages, from most-to-least recent:
2024-08-16T05:31:04.008Z - info: 1. schedule/week1/topics-py
2024-08-16T05:31:05.013Z - info: Rebuilding 1 pages
2024-08-16T05:31:05.477Z - info: Site data built
2024-08-16T05:31:05.478Z - info: Pages rebuilt
2024-08-16T05:31:05.478Z - info: Website regeneration complete! Total build time: 0.466s
2024-08-16T05:31:29.174Z - info: [1:31:29 pm] Reload for file change: C:\repos\nus-cs2103\cs2103-website-base\programming\usingFunctions\e-lengthOfName.md
2024-08-16T05:31:29.174Z - info: Synchronizing opened pages list before reload
2024-08-16T05:31:29.175Z - info: Current opened pages, from most-to-least recent:
2024-08-16T05:31:29.175Z - info: 1. schedule/week1/topics-py
2024-08-16T05:31:30.184Z - info: Rebuilding 1 pages
2024-08-16T05:31:30.786Z - info: Site data built
2024-08-16T05:31:30.786Z - info: Pages rebuilt
2024-08-16T05:31:30.786Z - info: Website regeneration complete! Total build time: 0.603s
2024-08-16T05:33:18.939Z - info: Website generation started at 1:33:01 pm
2024-08-16T05:33:27.961Z - info: Building assets...
