2024-08-15T06:17:10.315Z - info: Website generation (lazy) started at 2:17:03 pm
2024-08-15T06:17:21.606Z - warn: ENOENT: no such file or directory, open 'C:\repos\nus-cs2103\cs2103-website-base\cache\gh-pages\https!github.com!nus-tee3201!2024.git\book\_markbind\variables.md'
2024-08-15T06:17:21.608Z - warn: ENOENT: no such file or directory, open 'C:\repos\nus-cs2103\cs2103-website-base\cache\gh-pages\https!github.com!nus-tee3201!2024.git\_markbind\variables.md'
2024-08-15T06:17:21.686Z - info: Building assets...
2024-08-15T06:18:04.370Z - info: Assets built
2024-08-15T06:18:04.371Z - info: Generating landing page...
2024-08-15T06:18:05.645Z - info: Landing page built, other pages will be built as you navigate to them!
2024-08-15T06:18:06.844Z - info: Site data built
2024-08-15T06:18:06.844Z - info: Website generation (lazy) complete! Total build time: 63.222s
2024-08-15T06:18:07.259Z - info: Serving "C:\repos\nus-cs2103\cs2103-website-base\_site" at http://127.0.0.1:8080
2024-08-15T06:18:07.259Z - info: Press CTRL+C to stop ...
2024-08-15T06:25:10.558Z - info: [2:25:10 pm] Reload for file change: C:\repos\nus-cs2103\cs2103-website-base\admin\courseBriefings.md
2024-08-15T06:25:10.559Z - info: Synchronizing opened pages list before reload
2024-08-15T06:25:10.560Z - info: Current opened pages, from most-to-least recent:
2024-08-15T06:25:10.560Z - info: 1. index
2024-08-15T06:25:11.572Z - info: Rebuilding 1 pages
2024-08-15T06:25:12.281Z - info: Site data built
2024-08-15T06:25:12.282Z - info: Pages rebuilt
2024-08-15T06:25:12.282Z - info: Website regeneration complete! Total build time: 0.713s
2024-08-15T06:25:14.575Z - info: Building C:\repos\nus-cs2103\cs2103-website-base\schedule\week2\index as some of its dependencies were changed since the last visit
2024-08-15T06:25:15.914Z - info: Site data built
2024-08-15T06:25:15.915Z - info: Lazy website regeneration complete! Total build time: 1.34s
2024-08-15T07:33:35.081Z - info: [3:33:35 pm] Reload for file change: C:\repos\nus-cs2103\cs2103-website-base\admin\courseBriefings.md
2024-08-15T07:33:35.086Z - info: Synchronizing opened pages list before reload
2024-08-15T07:33:35.088Z - info: Current opened pages, from most-to-least recent:
2024-08-15T07:33:35.088Z - info: 1. schedule/week2/index
2024-08-15T07:33:36.106Z - info: Rebuilding 1 pages
2024-08-15T07:33:37.124Z - info: Site data built
2024-08-15T07:33:37.124Z - info: Pages rebuilt
2024-08-15T07:33:37.124Z - info: Website regeneration complete! Total build time: 1.026s
2024-08-15T07:34:13.218Z - info: [3:34:13 pm] Reload for file change: C:\repos\nus-cs2103\cs2103-website-base\admin\courseBriefings.md
2024-08-15T07:34:13.220Z - info: Synchronizing opened pages list before reload
2024-08-15T07:34:13.221Z - info: Current opened pages, from most-to-least recent:
2024-08-15T07:34:13.221Z - info: 1. schedule/week2/index
2024-08-15T07:34:14.229Z - info: Rebuilding 1 pages
2024-08-15T07:34:14.918Z - info: Site data built
2024-08-15T07:34:14.918Z - info: Pages rebuilt
2024-08-15T07:34:14.918Z - info: Website regeneration complete! Total build time: 0.69s
2024-08-15T07:34:48.405Z - info: Building C:\repos\nus-cs2103\cs2103-website-base\schedule\week2\admin as some of its dependencies were changed since the last visit
2024-08-15T07:34:49.278Z - info: Site data built
2024-08-15T07:34:49.278Z - info: Lazy website regeneration complete! Total build time: 0.874s
2024-08-15T07:35:13.381Z - info: Building C:\repos\nus-cs2103\cs2103-website-base\admin\participation as some of its dependencies were changed since the last visit
2024-08-15T07:35:13.840Z - info: Site data built
2024-08-15T07:35:13.840Z - info: Lazy website regeneration complete! Total build time: 0.46s
2024-08-15T07:37:34.452Z - info: [3:37:34 pm] Reload for file change: C:\repos\nus-cs2103\cs2103-website-base\admin\tools.md
2024-08-15T07:37:34.452Z - info: Synchronizing opened pages list before reload
2024-08-15T07:37:34.453Z - info: Current opened pages, from most-to-least recent:
2024-08-15T07:37:34.453Z - info: 1. schedule/week2/admin
2024-08-15T07:37:35.464Z - info: Rebuilding 1 pages
2024-08-15T07:37:36.129Z - info: Site data built
2024-08-15T07:37:36.129Z - info: Pages rebuilt
2024-08-15T07:37:36.129Z - info: Website regeneration complete! Total build time: 0.667s
2024-08-15T07:38:34.991Z - info: Building C:\repos\nus-cs2103\cs2103-website-base\schedule\week2\topics as some of its dependencies were changed since the last visit
2024-08-15T07:38:37.895Z - info: Site data built
2024-08-15T07:38:37.895Z - info: Lazy website regeneration complete! Total build time: 2.905s
2024-08-15T07:39:14.112Z - info: Building C:\repos\nus-cs2103\cs2103-website-base\schedule\week2\project as some of its dependencies were changed since the last visit
2024-08-15T07:39:16.036Z - info: Site data built
2024-08-15T07:39:16.037Z - info: Lazy website regeneration complete! Total build time: 1.925s
2024-08-15T07:39:35.847Z - info: Building C:\repos\nus-cs2103\cs2103-website-base\schedule\week2\tutorial as some of its dependencies were changed since the last visit
2024-08-15T07:39:36.138Z - info: Site data built
2024-08-15T07:39:36.138Z - info: Lazy website regeneration complete! Total build time: 0.291s
2024-08-15T07:41:47.868Z - info: Website generation started at 3:41:32 pm
2024-08-15T07:41:56.962Z - info: Building assets...
2024-08-15T07:42:02.752Z - info: Assets built
2024-08-15T07:42:02.753Z - info: Generating pages...
2024-08-15T07:42:22.165Z - debug:  
2024-08-15T07:42:22.166Z - debug:  
2024-08-15T07:42:22.167Z - debug:  
2024-08-15T07:42:22.167Z - debug:  
2024-08-15T07:42:22.857Z - debug:  
2024-08-15T07:42:22.858Z - debug:  
2024-08-15T07:42:22.859Z - debug:  
2024-08-15T07:42:22.859Z - debug:  
2024-08-15T07:42:22.859Z - debug:  
2024-08-15T07:42:22.860Z - debug:  
2024-08-15T07:42:22.860Z - debug:  
2024-08-15T07:42:22.860Z - debug:  
2024-08-15T07:42:22.861Z - debug:  
2024-08-15T07:42:22.861Z - debug:  
2024-08-15T07:42:22.861Z - debug:  
2024-08-15T07:42:25.394Z - debug:  
2024-08-15T07:42:25.394Z - debug:  
2024-08-15T07:43:44.523Z - error: Invalid HTML in C:\repos\nus-cs2103\cs2103-website-base\schedule\week5\tutorial.md.
Table must have a tbody tag. Please correct this to avoid Vue hydration issues.

2024-08-15T07:44:10.918Z - error: Invalid HTML in C:\repos\nus-cs2103\cs2103-website-base\schedule\week4\project.md.
Table must have a tbody tag. Please correct this to avoid Vue hydration issues.

2024-08-15T07:44:10.918Z - error: Invalid HTML in C:\repos\nus-cs2103\cs2103-website-base\schedule\week4\project.md.
Table must have a tbody tag. Please correct this to avoid Vue hydration issues.

2024-08-15T07:44:36.555Z - debug:  
2024-08-15T07:44:53.932Z - debug:  
2024-08-15T07:44:54.085Z - debug:  
2024-08-15T07:44:59.197Z - error: Invalid HTML in C:\repos\nus-cs2103\cs2103-website-base\admin\ip-w4.md.
Table must have a tbody tag. Please correct this to avoid Vue hydration issues.

2024-08-15T07:44:59.197Z - error: Invalid HTML in C:\repos\nus-cs2103\cs2103-website-base\admin\ip-w4.md.
Table must have a tbody tag. Please correct this to avoid Vue hydration issues.

2024-08-15T07:45:03.501Z - info: Pages built
2024-08-15T07:45:04.905Z - info: Site data built
2024-08-15T07:45:04.906Z - info: Website generation complete! Total build time: 212.123s
2024-08-15T07:45:04.906Z - info: Build success!
2024-08-15T07:47:41.309Z - info: The website has been deployed at: https://nus-cs2103-ay2425s1.github.io/website
