2024-10-15T12:31:33.438Z - info: Website generation started at 8:30:57 pm
2024-10-15T12:31:46.405Z - warn: ENOENT: no such file or directory, open 'C:\repos\nus-cs2103\cs2103-website-base\node_modules\.cache\gh-pages\https!github.com!nus-cs2103-AY2425S1!website.git\book\_markbind\variables.md'
2024-10-15T12:31:46.406Z - warn: ENOENT: no such file or directory, open 'C:\repos\nus-cs2103\cs2103-website-base\node_modules\.cache\gh-pages\https!github.com!nus-cs2103-AY2425S1!website.git\cache\gh-pages\https!github.com!nus-cs2103-AY2425S1!website.git\book\_markbind\variables.md'
2024-10-15T12:31:46.407Z - warn: ENOENT: no such file or directory, open 'C:\repos\nus-cs2103\cs2103-website-base\node_modules\.cache\gh-pages\https!github.com!nus-cs2103-AY2425S1!website.git\cache\gh-pages\https!github.com!nus-cs2103-AY2425S1!website.git\_markbind\variables.md'
2024-10-15T12:31:46.409Z - warn: ENOENT: no such file or directory, open 'C:\repos\nus-cs2103\cs2103-website-base\node_modules\.cache\gh-pages\https!github.com!nus-cs2103-AY2425S1!website.git\_markbind\variables.md'
2024-10-15T12:31:46.483Z - info: Building assets...
2024-10-15T12:32:52.048Z - info: Assets built
2024-10-15T12:32:52.049Z - info: Generating pages...
2024-10-15T12:33:12.541Z - debug:  
2024-10-15T12:33:12.544Z - debug:  
2024-10-15T12:33:12.544Z - debug:  
2024-10-15T12:33:12.544Z - debug:  
2024-10-15T12:33:12.545Z - debug:  
2024-10-15T12:33:12.545Z - debug:  
2024-10-15T12:33:12.545Z - debug:  
2024-10-15T12:33:12.545Z - debug:  
2024-10-15T12:33:12.545Z - debug:  
2024-10-15T12:33:12.545Z - debug:  
2024-10-15T12:33:12.546Z - debug:  
2024-10-15T12:33:12.546Z - debug:  
2024-10-15T12:33:12.546Z - debug:  
2024-10-15T12:33:12.546Z - debug:  
2024-10-15T12:33:12.546Z - debug:  
2024-10-15T12:33:16.049Z - debug:  
2024-10-15T12:33:38.869Z - debug:  
2024-10-15T12:33:53.277Z - debug:  
2024-10-15T12:34:57.822Z - info: Pages built
2024-10-15T12:34:59.060Z - info: Site data built
2024-10-15T12:34:59.061Z - info: Website generation complete! Total build time: 241.734s
2024-10-15T12:34:59.061Z - info: Build success!
2024-10-15T12:37:14.595Z - info: The website has been deployed at: https://nus-tic2002-ay2425s1.github.io/website
