2024-10-09T02:50:29.418Z - info: Website generation (lazy) started at 10:49:24 am
2024-10-09T02:51:14.151Z - warn: ENOENT: no such file or directory, open 'C:\repos\nus-cs2103\cs2103-website-base\cache\gh-pages\https!github.com!nus-tic2002-AY2425S1!website.git\book\_markbind\variables.md'
2024-10-09T02:51:14.155Z - warn: ENOENT: no such file or directory, open 'C:\repos\nus-cs2103\cs2103-website-base\cache\gh-pages\https!github.com!nus-tic2002-AY2425S1!website.git\_markbind\variables.md'
2024-10-09T02:51:14.158Z - warn: ENOENT: no such file or directory, open 'C:\repos\nus-cs2103\cs2103-website-base\node_modules\.cache\gh-pages\https!github.com!nus-cs2103-AY2425S1!website.git\book\_markbind\variables.md'
2024-10-09T02:51:14.160Z - warn: ENOENT: no such file or directory, open 'C:\repos\nus-cs2103\cs2103-website-base\node_modules\.cache\gh-pages\https!github.com!nus-cs2103-AY2425S1!website.git\cache\gh-pages\https!github.com!nus-cs2103-AY2425S1!website.git\book\_markbind\variables.md'
2024-10-09T02:51:14.164Z - warn: ENOENT: no such file or directory, open 'C:\repos\nus-cs2103\cs2103-website-base\node_modules\.cache\gh-pages\https!github.com!nus-cs2103-AY2425S1!website.git\cache\gh-pages\https!github.com!nus-cs2103-AY2425S1!website.git\_markbind\variables.md'
2024-10-09T02:51:14.168Z - warn: ENOENT: no such file or directory, open 'C:\repos\nus-cs2103\cs2103-website-base\node_modules\.cache\gh-pages\https!github.com!nus-cs2103-AY2425S1!website.git\_markbind\variables.md'
2024-10-09T02:51:14.365Z - info: Building assets...
2024-10-09T02:55:09.865Z - info: Assets built
2024-10-09T02:55:09.867Z - info: Generating landing page...
2024-10-09T02:55:12.864Z - info: Landing page built, other pages will be built as you navigate to them!
2024-10-09T02:55:15.819Z - info: Site data built
2024-10-09T02:55:15.819Z - info: Website generation (lazy) complete! Total build time: 351.678s
2024-10-09T02:55:16.538Z - info: Serving "C:\repos\nus-cs2103\cs2103-website-base\_site" at http://127.0.0.1:8080
2024-10-09T02:55:16.539Z - info: Press CTRL+C to stop ...
2024-10-09T02:56:01.568Z - info: Building C:\repos\nus-cs2103\cs2103-website-base\schedule\week8\project as some of its dependencies were changed since the last visit
2024-10-09T02:56:10.112Z - info: Site data built
2024-10-09T02:56:10.113Z - info: Lazy website regeneration complete! Total build time: 8.545s
2024-10-09T02:58:17.719Z - info: [10:58:17 am] Reload for file change: C:\repos\nus-cs2103\cs2103-website-base\admin\faq-fragment.md
2024-10-09T02:58:17.720Z - info: Synchronizing opened pages list before reload
2024-10-09T02:58:17.721Z - info: Current opened pages, from most-to-least recent:
2024-10-09T02:58:17.722Z - info: 1. schedule/week8/project
2024-10-09T02:58:18.742Z - info: Rebuilding 1 pages
2024-10-09T02:58:23.075Z - info: Site data built
2024-10-09T02:58:23.075Z - info: Pages rebuilt
2024-10-09T02:58:23.076Z - info: Website regeneration complete! Total build time: 4.336s
2024-10-09T03:00:34.315Z - info: Website generation started at 10:59:19 am
2024-10-09T03:01:01.391Z - warn: ENOENT: no such file or directory, open 'C:\repos\nus-cs2103\cs2103-website-base\node_modules\.cache\gh-pages\https!github.com!nus-cs2103-AY2425S1!website.git\book\_markbind\variables.md'
2024-10-09T03:01:01.394Z - warn: ENOENT: no such file or directory, open 'C:\repos\nus-cs2103\cs2103-website-base\node_modules\.cache\gh-pages\https!github.com!nus-cs2103-AY2425S1!website.git\cache\gh-pages\https!github.com!nus-cs2103-AY2425S1!website.git\book\_markbind\variables.md'
2024-10-09T03:01:01.397Z - warn: ENOENT: no such file or directory, open 'C:\repos\nus-cs2103\cs2103-website-base\node_modules\.cache\gh-pages\https!github.com!nus-cs2103-AY2425S1!website.git\cache\gh-pages\https!github.com!nus-cs2103-AY2425S1!website.git\_markbind\variables.md'
2024-10-09T03:01:01.399Z - warn: ENOENT: no such file or directory, open 'C:\repos\nus-cs2103\cs2103-website-base\node_modules\.cache\gh-pages\https!github.com!nus-cs2103-AY2425S1!website.git\_markbind\variables.md'
2024-10-09T03:01:01.520Z - info: Building assets...
2024-10-09T03:03:05.719Z - info: Assets built
2024-10-09T03:03:05.721Z - info: Generating pages...
2024-10-09T03:03:36.403Z - debug:  
2024-10-09T03:03:36.411Z - debug:  
2024-10-09T03:03:36.411Z - debug:  
2024-10-09T03:03:36.412Z - debug:  
2024-10-09T03:03:36.413Z - debug:  
2024-10-09T03:03:36.415Z - debug:  
2024-10-09T03:03:36.426Z - debug:  
2024-10-09T03:03:36.437Z - debug:  
2024-10-09T03:03:36.437Z - debug:  
2024-10-09T03:03:36.450Z - debug:  
2024-10-09T03:03:36.471Z - debug:  
2024-10-09T03:03:36.471Z - debug:  
2024-10-09T03:03:36.471Z - debug:  
2024-10-09T03:03:36.472Z - debug:  
2024-10-09T03:03:36.516Z - debug:  
2024-10-09T03:03:40.536Z - debug:  
2024-10-09T03:03:40.536Z - debug:  
2024-10-09T03:04:24.578Z - debug:  
2024-10-09T03:07:18.963Z - debug:  
2024-10-09T03:07:55.525Z - debug:  
2024-10-09T03:07:55.704Z - debug:  
2024-10-09T03:08:14.620Z - info: Pages built
2024-10-09T03:08:15.949Z - info: Site data built
2024-10-09T03:08:15.950Z - info: Website generation complete! Total build time: 536.164s
2024-10-09T03:08:15.950Z - info: Build success!
2024-10-09T03:12:46.243Z - info: The website has been deployed at: https://nus-cs2103-ay2425s1.github.io/website
2024-10-09T07:40:43.917Z - info: Website generation (lazy) started at 3:40:14 pm
2024-10-09T07:40:58.287Z - warn: ENOENT: no such file or directory, open 'C:\repos\nus-cs2103\cs2103-website-base\cache\gh-pages\https!github.com!nus-cs2103-AY2425S1!website.git\book\_markbind\variables.md'
2024-10-09T07:40:58.289Z - warn: ENOENT: no such file or directory, open 'C:\repos\nus-cs2103\cs2103-website-base\cache\gh-pages\https!github.com!nus-cs2103-AY2425S1!website.git\_markbind\variables.md'
2024-10-09T07:40:58.290Z - warn: ENOENT: no such file or directory, open 'C:\repos\nus-cs2103\cs2103-website-base\node_modules\.cache\gh-pages\https!github.com!nus-cs2103-AY2425S1!website.git\book\_markbind\variables.md'
2024-10-09T07:40:58.291Z - warn: ENOENT: no such file or directory, open 'C:\repos\nus-cs2103\cs2103-website-base\node_modules\.cache\gh-pages\https!github.com!nus-cs2103-AY2425S1!website.git\cache\gh-pages\https!github.com!nus-cs2103-AY2425S1!website.git\book\_markbind\variables.md'
2024-10-09T07:40:58.292Z - warn: ENOENT: no such file or directory, open 'C:\repos\nus-cs2103\cs2103-website-base\node_modules\.cache\gh-pages\https!github.com!nus-cs2103-AY2425S1!website.git\cache\gh-pages\https!github.com!nus-cs2103-AY2425S1!website.git\_markbind\variables.md'
2024-10-09T07:40:58.293Z - warn: ENOENT: no such file or directory, open 'C:\repos\nus-cs2103\cs2103-website-base\node_modules\.cache\gh-pages\https!github.com!nus-cs2103-AY2425S1!website.git\_markbind\variables.md'
2024-10-09T07:40:58.380Z - info: Building assets...
2024-10-09T07:42:54.590Z - info: Assets built
2024-10-09T07:42:54.592Z - info: Generating landing page...
2024-10-09T07:42:55.987Z - info: Landing page built, other pages will be built as you navigate to them!
2024-10-09T07:42:57.176Z - info: Site data built
2024-10-09T07:42:57.176Z - info: Website generation (lazy) complete! Total build time: 163.101s
2024-10-09T07:42:57.647Z - info: Serving "C:\repos\nus-cs2103\cs2103-website-base\_site" at http://127.0.0.1:8080
2024-10-09T07:42:57.647Z - info: Press CTRL+C to stop ...
2024-10-09T07:43:14.691Z - info: Building C:\repos\nus-cs2103\cs2103-website-base\schedule\week8\project as some of its dependencies were changed since the last visit
2024-10-09T07:43:20.330Z - info: Site data built
2024-10-09T07:43:20.331Z - info: Lazy website regeneration complete! Total build time: 5.64s
2024-10-09T07:44:26.792Z - info: [3:44:26 pm] Reload for file change: C:\repos\nus-cs2103\cs2103-website-base\admin\tp-tasks-fragment.md
2024-10-09T07:44:26.793Z - info: Synchronizing opened pages list before reload
2024-10-09T07:44:26.794Z - info: Current opened pages, from most-to-least recent:
2024-10-09T07:44:26.794Z - info: 1. schedule/week8/project
2024-10-09T07:44:27.818Z - info: Rebuilding 1 pages
2024-10-09T07:44:31.672Z - info: Site data built
2024-10-09T07:44:31.672Z - info: Pages rebuilt
2024-10-09T07:44:31.673Z - info: Website regeneration complete! Total build time: 3.857s
2024-10-09T07:45:12.661Z - info: [3:45:12 pm] Reload for file change: C:\repos\nus-cs2103\cs2103-website-base\admin\tp-tasks-fragment.md
2024-10-09T07:45:12.662Z - info: Synchronizing opened pages list before reload
2024-10-09T07:45:12.662Z - info: Current opened pages, from most-to-least recent:
2024-10-09T07:45:12.663Z - info: 1. schedule/week8/project
2024-10-09T07:45:13.672Z - info: Rebuilding 1 pages
2024-10-09T07:45:16.926Z - info: Site data built
2024-10-09T07:45:16.926Z - info: Pages rebuilt
2024-10-09T07:45:16.927Z - info: Website regeneration complete! Total build time: 3.256s
2024-10-09T08:14:39.090Z - info: [4:14:39 pm] Reload for file change: C:\repos\nus-cs2103\cs2103-website-base\admin\faq-fragment.md
2024-10-09T08:14:39.091Z - info: Synchronizing opened pages list before reload
2024-10-09T08:14:39.091Z - info: Current opened pages, from most-to-least recent:
2024-10-09T08:14:39.092Z - info: 1. schedule/week8/project
2024-10-09T08:14:40.101Z - info: Rebuilding 1 pages
2024-10-09T08:14:45.044Z - info: Site data built
2024-10-09T08:14:45.045Z - info: Pages rebuilt
2024-10-09T08:14:45.045Z - info: Website regeneration complete! Total build time: 4.947s
2024-10-09T08:15:47.687Z - info: [4:15:47 pm] Reload for file change: C:\repos\nus-cs2103\cs2103-website-base\admin\tp-tasks-fragment.md
2024-10-09T08:15:47.688Z - info: Synchronizing opened pages list before reload
2024-10-09T08:15:47.688Z - info: Current opened pages, from most-to-least recent:
2024-10-09T08:15:47.689Z - info: 1. schedule/week8/project
2024-10-09T08:15:48.709Z - info: Rebuilding 1 pages
2024-10-09T08:15:52.127Z - info: Site data built
2024-10-09T08:15:52.127Z - info: Pages rebuilt
2024-10-09T08:15:52.127Z - info: Website regeneration complete! Total build time: 3.421s
2024-10-09T08:16:47.282Z - info: [4:16:47 pm] Reload for file change: C:\repos\nus-cs2103\cs2103-website-base\admin\faq-fragment.md
2024-10-09T08:16:47.283Z - info: Synchronizing opened pages list before reload
2024-10-09T08:16:47.283Z - info: Current opened pages, from most-to-least recent:
2024-10-09T08:16:47.284Z - info: 1. schedule/week8/project
2024-10-09T08:16:48.292Z - info: Rebuilding 1 pages
2024-10-09T08:16:52.224Z - info: Site data built
2024-10-09T08:16:52.225Z - info: Pages rebuilt
2024-10-09T08:16:52.225Z - info: Website regeneration complete! Total build time: 3.935s
2024-10-09T08:21:19.127Z - info: [4:21:19 pm] Reload for file change: C:\repos\nus-cs2103\cs2103-website-base\admin\tp-tasks-fragment.md
2024-10-09T08:21:19.127Z - info: Synchronizing opened pages list before reload
2024-10-09T08:21:19.127Z - info: Current opened pages, from most-to-least recent:
2024-10-09T08:21:19.128Z - info: 1. schedule/week8/project
2024-10-09T08:21:19.164Z - info: [4:21:19 pm] Reload for file change: C:\repos\nus-cs2103\cs2103-website-base\admin\faq-fragment.md
2024-10-09T08:21:19.165Z - info: Synchronizing opened pages list before reload
2024-10-09T08:21:19.165Z - info: Current opened pages, from most-to-least recent:
2024-10-09T08:21:19.165Z - info: 1. schedule/week8/project
2024-10-09T08:21:20.174Z - info: Rebuilding 1 pages
2024-10-09T08:21:23.984Z - info: Site data built
2024-10-09T08:21:23.984Z - info: Pages rebuilt
2024-10-09T08:21:23.984Z - info: Website regeneration complete! Total build time: 3.812s
2024-10-09T08:22:09.938Z - info: [4:22:09 pm] Reload for file change: C:\repos\nus-cs2103\cs2103-website-base\admin\faq-fragment.md
2024-10-09T08:22:09.939Z - info: Synchronizing opened pages list before reload
2024-10-09T08:22:09.939Z - info: Current opened pages, from most-to-least recent:
2024-10-09T08:22:09.939Z - info: 1. schedule/week8/project
2024-10-09T08:22:10.953Z - info: Rebuilding 1 pages
2024-10-09T08:22:14.207Z - info: Site data built
2024-10-09T08:22:14.208Z - info: Pages rebuilt
2024-10-09T08:22:14.208Z - info: Website regeneration complete! Total build time: 3.258s
2024-10-09T08:28:56.772Z - info: [4:28:56 pm] Reload for file change: C:\repos\nus-cs2103\cs2103-website-base\admin\faq-fragment.md
2024-10-09T08:28:56.773Z - info: Synchronizing opened pages list before reload
2024-10-09T08:28:56.774Z - info: Current opened pages, from most-to-least recent:
2024-10-09T08:28:56.774Z - info: 1. schedule/week8/project
2024-10-09T08:28:57.791Z - info: Rebuilding 1 pages
2024-10-09T08:29:01.583Z - info: Site data built
2024-10-09T08:29:01.583Z - info: Pages rebuilt
2024-10-09T08:29:01.583Z - info: Website regeneration complete! Total build time: 3.796s
2024-10-09T08:33:10.992Z - info: [4:33:10 pm] Reload for file change: C:\repos\nus-cs2103\cs2103-website-base\admin\faq-fragment.md
2024-10-09T08:33:10.993Z - info: Synchronizing opened pages list before reload
2024-10-09T08:33:10.993Z - info: Current opened pages, from most-to-least recent:
2024-10-09T08:33:10.994Z - info: 1. schedule/week8/project
2024-10-09T08:33:12.011Z - info: Rebuilding 1 pages
2024-10-09T08:33:15.679Z - info: Site data built
2024-10-09T08:33:15.679Z - info: Pages rebuilt
2024-10-09T08:33:15.680Z - info: Website regeneration complete! Total build time: 3.67s
2024-10-09T08:34:36.064Z - info: [4:34:36 pm] Reload for file change: C:\repos\nus-cs2103\cs2103-website-base\admin\faq-fragment.md
2024-10-09T08:34:36.064Z - info: Synchronizing opened pages list before reload
2024-10-09T08:34:36.065Z - info: Current opened pages, from most-to-least recent:
2024-10-09T08:34:36.065Z - info: 1. schedule/week8/project
2024-10-09T08:34:37.074Z - info: Rebuilding 1 pages
2024-10-09T08:34:40.555Z - info: Site data built
2024-10-09T08:34:40.556Z - info: Pages rebuilt
2024-10-09T08:34:40.556Z - info: Website regeneration complete! Total build time: 3.483s
2024-10-09T08:38:17.599Z - info: [4:38:17 pm] Reload for file change: C:\repos\nus-cs2103\cs2103-website-base\admin\faq-fragment.md
2024-10-09T08:38:17.600Z - info: Synchronizing opened pages list before reload
2024-10-09T08:38:17.600Z - info: Current opened pages, from most-to-least recent:
2024-10-09T08:38:17.600Z - info: 1. schedule/week8/project
2024-10-09T08:38:18.624Z - info: Rebuilding 1 pages
2024-10-09T08:38:22.001Z - info: Site data built
2024-10-09T08:38:22.002Z - info: Pages rebuilt
2024-10-09T08:38:22.002Z - info: Website regeneration complete! Total build time: 3.381s
2024-10-09T08:38:47.095Z - info: [4:38:47 pm] Reload for file change: C:\repos\nus-cs2103\cs2103-website-base\admin\faq-fragment.md
2024-10-09T08:38:47.097Z - info: Synchronizing opened pages list before reload
2024-10-09T08:38:47.098Z - info: Current opened pages, from most-to-least recent:
2024-10-09T08:38:47.098Z - info: 1. schedule/week8/project
2024-10-09T08:38:48.115Z - info: Rebuilding 1 pages
2024-10-09T08:38:50.917Z - info: Site data built
2024-10-09T08:38:50.917Z - info: Pages rebuilt
2024-10-09T08:38:50.918Z - info: Website regeneration complete! Total build time: 2.803s
2024-10-09T08:40:55.515Z - info: [4:40:55 pm] Reload for file change: C:\repos\nus-cs2103\cs2103-website-base\admin\faq-fragment.md
2024-10-09T08:40:55.516Z - info: Synchronizing opened pages list before reload
2024-10-09T08:40:55.517Z - info: Current opened pages, from most-to-least recent:
2024-10-09T08:40:55.517Z - info: 1. schedule/week8/project
2024-10-09T08:40:56.523Z - info: Rebuilding 1 pages
2024-10-09T08:41:00.096Z - info: Site data built
2024-10-09T08:41:00.096Z - info: Pages rebuilt
2024-10-09T08:41:00.096Z - info: Website regeneration complete! Total build time: 3.575s
2024-10-09T08:41:54.660Z - info: [4:41:54 pm] Reload for file change: C:\repos\nus-cs2103\cs2103-website-base\admin\faq-fragment.md
2024-10-09T08:41:54.661Z - info: Synchronizing opened pages list before reload
2024-10-09T08:41:54.662Z - info: Current opened pages, from most-to-least recent:
2024-10-09T08:41:54.662Z - info: 1. schedule/week8/project
2024-10-09T08:41:55.673Z - info: Rebuilding 1 pages
2024-10-09T08:41:59.218Z - info: Site data built
2024-10-09T08:41:59.219Z - info: Pages rebuilt
2024-10-09T08:41:59.219Z - info: Website regeneration complete! Total build time: 3.548s
2024-10-09T08:42:16.205Z - info: [4:42:16 pm] Reload for file change: C:\repos\nus-cs2103\cs2103-website-base\admin\faq-fragment.md
2024-10-09T08:42:16.206Z - info: Synchronizing opened pages list before reload
2024-10-09T08:42:16.206Z - info: Current opened pages, from most-to-least recent:
2024-10-09T08:42:16.207Z - info: 1. schedule/week8/project
2024-10-09T08:42:17.221Z - info: Rebuilding 1 pages
2024-10-09T08:42:20.663Z - info: Site data built
2024-10-09T08:42:20.663Z - info: Pages rebuilt
2024-10-09T08:42:20.663Z - info: Website regeneration complete! Total build time: 3.444s
2024-10-09T08:44:26.480Z - info: [4:44:26 pm] Reload for file change: C:\repos\nus-cs2103\cs2103-website-base\admin\faq-fragment.md
2024-10-09T08:44:26.480Z - info: Synchronizing opened pages list before reload
2024-10-09T08:44:26.481Z - info: Current opened pages, from most-to-least recent:
2024-10-09T08:44:26.481Z - info: 1. schedule/week8/project
2024-10-09T08:44:27.490Z - info: Rebuilding 1 pages
2024-10-09T08:44:30.525Z - info: Site data built
2024-10-09T08:44:30.525Z - info: Pages rebuilt
2024-10-09T08:44:30.526Z - info: Website regeneration complete! Total build time: 3.038s
2024-10-09T08:48:28.112Z - info: [4:48:28 pm] Reload for file change: C:\repos\nus-cs2103\cs2103-website-base\admin\faq-fragment.md
2024-10-09T08:48:28.113Z - info: Synchronizing opened pages list before reload
2024-10-09T08:48:28.113Z - info: Current opened pages, from most-to-least recent:
2024-10-09T08:48:28.114Z - info: 1. schedule/week8/project
2024-10-09T08:48:29.132Z - info: Rebuilding 1 pages
2024-10-09T08:48:32.832Z - info: Site data built
2024-10-09T08:48:32.832Z - info: Pages rebuilt
2024-10-09T08:48:32.832Z - info: Website regeneration complete! Total build time: 3.702s
2024-10-09T08:48:45.778Z - info: [4:48:45 pm] Reload for file change: C:\repos\nus-cs2103\cs2103-website-base\admin\faq-fragment.md
2024-10-09T08:48:45.778Z - info: Synchronizing opened pages list before reload
2024-10-09T08:48:45.779Z - info: Current opened pages, from most-to-least recent:
2024-10-09T08:48:45.779Z - info: 1. schedule/week8/project
2024-10-09T08:48:46.792Z - info: Rebuilding 1 pages
2024-10-09T08:48:49.428Z - info: Site data built
2024-10-09T08:48:49.429Z - info: Pages rebuilt
2024-10-09T08:48:49.429Z - info: Website regeneration complete! Total build time: 2.638s
2024-10-09T08:48:55.627Z - info: Building C:\repos\nus-cs2103\cs2103-website-base\book\integration\approaches\bigBangVsIncremental\index as some of its dependencies were changed since the last visit
2024-10-09T08:48:55.860Z - info: Site data built
2024-10-09T08:48:55.860Z - info: Lazy website regeneration complete! Total build time: 0.234s
2024-10-09T08:51:23.262Z - info: [4:51:23 pm] Reload for file change: C:\repos\nus-cs2103\cs2103-website-base\book\integration\approaches\bigBangVsIncremental\text.md
2024-10-09T08:51:23.263Z - info: Synchronizing opened pages list before reload
2024-10-09T08:51:23.263Z - info: Current opened pages, from most-to-least recent:
2024-10-09T08:51:23.263Z - info: 1. book/integration/approaches/bigBangVsIncremental/index
2024-10-09T08:51:23.264Z - info: 2. schedule/week8/project
2024-10-09T08:51:24.273Z - info: Rebuilding 1 pages
2024-10-09T08:51:24.571Z - info: Site data built
2024-10-09T08:51:24.572Z - info: Pages rebuilt
2024-10-09T08:51:24.573Z - info: Website regeneration complete! Total build time: 0.305s
2024-10-09T08:53:26.927Z - info: [4:53:26 pm] Reload for file change: C:\repos\nus-cs2103\cs2103-website-base\admin\faq-fragment.md
2024-10-09T08:53:26.927Z - info: Synchronizing opened pages list before reload
2024-10-09T08:53:26.927Z - info: Current opened pages, from most-to-least recent:
2024-10-09T08:53:26.928Z - info: 1. book/integration/approaches/bigBangVsIncremental/index
2024-10-09T08:53:26.928Z - info: 2. schedule/week8/project
2024-10-09T08:53:27.935Z - info: Rebuilding 1 pages
2024-10-09T08:53:31.003Z - info: Site data built
2024-10-09T08:53:31.003Z - info: Pages rebuilt
2024-10-09T08:53:31.003Z - info: Website regeneration complete! Total build time: 3.071s
2024-10-09T08:54:45.777Z - info: [4:54:45 pm] Reload for file change: C:\repos\nus-cs2103\cs2103-website-base\admin\faq-fragment.md
2024-10-09T08:54:45.778Z - info: Synchronizing opened pages list before reload
2024-10-09T08:54:45.778Z - info: Current opened pages, from most-to-least recent:
2024-10-09T08:54:45.779Z - info: 1. book/integration/approaches/bigBangVsIncremental/index
2024-10-09T08:54:45.779Z - info: 2. schedule/week8/project
2024-10-09T08:54:46.794Z - info: Rebuilding 1 pages
2024-10-09T08:54:50.473Z - info: Site data built
2024-10-09T08:54:50.474Z - info: Pages rebuilt
2024-10-09T08:54:50.474Z - info: Website regeneration complete! Total build time: 3.684s
2024-10-09T08:55:44.421Z - info: [4:55:44 pm] Reload for file change: C:\repos\nus-cs2103\cs2103-website-base\admin\faq-fragment.md
2024-10-09T08:55:44.422Z - info: Synchronizing opened pages list before reload
2024-10-09T08:55:44.423Z - info: Current opened pages, from most-to-least recent:
2024-10-09T08:55:44.423Z - info: 1. book/integration/approaches/bigBangVsIncremental/index
2024-10-09T08:55:44.423Z - info: 2. schedule/week8/project
2024-10-09T08:55:45.436Z - info: Rebuilding 1 pages
2024-10-09T08:55:48.468Z - info: Site data built
2024-10-09T08:55:48.469Z - info: Pages rebuilt
2024-10-09T08:55:48.469Z - info: Website regeneration complete! Total build time: 3.035s
2024-10-09T08:56:20.736Z - info: [4:56:20 pm] Reload for file change: C:\repos\nus-cs2103\cs2103-website-base\admin\faq-fragment.md
2024-10-09T08:56:20.737Z - info: Synchronizing opened pages list before reload
2024-10-09T08:56:20.737Z - info: Current opened pages, from most-to-least recent:
2024-10-09T08:56:20.739Z - info: 1. book/integration/approaches/bigBangVsIncremental/index
2024-10-09T08:56:20.739Z - info: 2. schedule/week8/project
2024-10-09T08:56:21.759Z - info: Rebuilding 1 pages
2024-10-09T08:56:25.004Z - info: Site data built
2024-10-09T08:56:25.005Z - info: Pages rebuilt
2024-10-09T08:56:25.005Z - info: Website regeneration complete! Total build time: 3.248s
2024-10-09T08:57:07.387Z - info: [4:57:07 pm] Reload for file change: C:\repos\nus-cs2103\cs2103-website-base\admin\faq-fragment.md
2024-10-09T08:57:07.389Z - info: Synchronizing opened pages list before reload
2024-10-09T08:57:07.389Z - info: Current opened pages, from most-to-least recent:
2024-10-09T08:57:07.390Z - info: 1. book/integration/approaches/bigBangVsIncremental/index
2024-10-09T08:57:07.390Z - info: 2. schedule/week8/project
2024-10-09T08:57:08.407Z - info: Rebuilding 1 pages
2024-10-09T08:57:11.605Z - info: Site data built
2024-10-09T08:57:11.606Z - info: Pages rebuilt
2024-10-09T08:57:11.606Z - info: Website regeneration complete! Total build time: 3.202s
2024-10-09T08:59:19.881Z - info: Website generation started at 4:58:47 pm
2024-10-09T08:59:31.730Z - warn: ENOENT: no such file or directory, open 'C:\repos\nus-cs2103\cs2103-website-base\node_modules\.cache\gh-pages\https!github.com!nus-cs2103-AY2425S1!website.git\book\_markbind\variables.md'
2024-10-09T08:59:31.732Z - warn: ENOENT: no such file or directory, open 'C:\repos\nus-cs2103\cs2103-website-base\node_modules\.cache\gh-pages\https!github.com!nus-cs2103-AY2425S1!website.git\cache\gh-pages\https!github.com!nus-cs2103-AY2425S1!website.git\book\_markbind\variables.md'
2024-10-09T08:59:31.734Z - warn: ENOENT: no such file or directory, open 'C:\repos\nus-cs2103\cs2103-website-base\node_modules\.cache\gh-pages\https!github.com!nus-cs2103-AY2425S1!website.git\cache\gh-pages\https!github.com!nus-cs2103-AY2425S1!website.git\_markbind\variables.md'
2024-10-09T08:59:31.735Z - warn: ENOENT: no such file or directory, open 'C:\repos\nus-cs2103\cs2103-website-base\node_modules\.cache\gh-pages\https!github.com!nus-cs2103-AY2425S1!website.git\_markbind\variables.md'
2024-10-09T08:59:31.806Z - info: Building assets...
2024-10-09T09:00:33.865Z - info: Assets built
2024-10-09T09:00:33.866Z - info: Generating pages...
2024-10-09T09:00:52.947Z - debug:  
2024-10-09T09:00:53.101Z - debug:  
2024-10-09T09:00:53.127Z - debug:  
2024-10-09T09:00:53.153Z - debug:  
2024-10-09T09:00:53.170Z - debug:  
2024-10-09T09:00:53.199Z - debug:  
2024-10-09T09:00:53.264Z - debug:  
2024-10-09T09:00:53.274Z - debug:  
2024-10-09T09:00:53.289Z - debug:  
2024-10-09T09:00:55.573Z - debug:  
2024-10-09T09:00:55.573Z - debug:  
2024-10-09T09:00:55.573Z - debug:  
2024-10-09T09:00:55.573Z - debug:  
2024-10-09T09:00:55.574Z - debug:  
2024-10-09T09:00:55.574Z - debug:  
2024-10-09T09:00:55.574Z - debug:  
2024-10-09T09:00:55.574Z - debug:  
2024-10-09T09:01:24.867Z - debug:  
2024-10-09T09:03:19.873Z - debug:  
2024-10-09T09:03:39.045Z - debug:  
2024-10-09T09:03:39.058Z - debug:  
2024-10-09T09:03:54.726Z - info: Pages built
2024-10-09T09:03:56.068Z - info: Site data built
2024-10-09T09:03:56.068Z - info: Website generation complete! Total build time: 308.758s
2024-10-09T09:03:56.068Z - info: Build success!
2024-10-09T09:06:24.107Z - info: The website has been deployed at: https://nus-cs2103-ay2425s1.github.io/website
2024-10-09T13:05:39.448Z - info: Website generation started at 9:04:29 pm
2024-10-09T13:06:04.237Z - warn: ENOENT: no such file or directory, open 'C:\repos\nus-cs2103\cs2103-website-base\node_modules\.cache\gh-pages\https!github.com!nus-cs2103-AY2425S1!website.git\book\_markbind\variables.md'
2024-10-09T13:06:04.238Z - warn: ENOENT: no such file or directory, open 'C:\repos\nus-cs2103\cs2103-website-base\node_modules\.cache\gh-pages\https!github.com!nus-cs2103-AY2425S1!website.git\cache\gh-pages\https!github.com!nus-cs2103-AY2425S1!website.git\book\_markbind\variables.md'
2024-10-09T13:06:04.240Z - warn: ENOENT: no such file or directory, open 'C:\repos\nus-cs2103\cs2103-website-base\node_modules\.cache\gh-pages\https!github.com!nus-cs2103-AY2425S1!website.git\cache\gh-pages\https!github.com!nus-cs2103-AY2425S1!website.git\_markbind\variables.md'
2024-10-09T13:06:04.241Z - warn: ENOENT: no such file or directory, open 'C:\repos\nus-cs2103\cs2103-website-base\node_modules\.cache\gh-pages\https!github.com!nus-cs2103-AY2425S1!website.git\_markbind\variables.md'
2024-10-09T13:06:04.367Z - info: Building assets...
