2024-08-28T02:34:28.333Z - info: Website generation (lazy) started at 10:34:18 am
2024-08-28T02:34:44.658Z - warn: ENOENT: no such file or directory, open 'C:\repos\nus-cs2103\cs2103-website-base\cache\gh-pages\https!github.com!nus-tic2002-AY2425S1!website.git\book\_markbind\variables.md'
2024-08-28T02:34:44.661Z - warn: ENOENT: no such file or directory, open 'C:\repos\nus-cs2103\cs2103-website-base\cache\gh-pages\https!github.com!nus-tic2002-AY2425S1!website.git\_markbind\variables.md'
2024-08-28T02:34:44.739Z - info: Building assets...
2024-08-28T02:35:46.573Z - info: Assets built
2024-08-28T02:35:46.574Z - info: Generating landing page...
2024-08-28T02:35:48.651Z - info: Landing page built, other pages will be built as you navigate to them!
2024-08-28T02:35:50.283Z - info: Site data built
2024-08-28T02:35:50.283Z - info: Website generation (lazy) complete! Total build time: 91.727s
2024-08-28T02:35:50.804Z - info: Serving "C:\repos\nus-cs2103\cs2103-website-base\_site" at http://127.0.0.1:8080
2024-08-28T02:35:50.805Z - info: Press CTRL+C to stop ...
2024-08-28T02:36:40.533Z - info: Building C:\repos\nus-cs2103\cs2103-website-base\schedule\week3\project as some of its dependencies were changed since the last visit
2024-08-28T02:36:44.182Z - info: Site data built
2024-08-28T02:36:44.183Z - info: Lazy website regeneration complete! Total build time: 3.65s
2024-08-28T02:51:56.498Z - info: [10:51:56 am] Reload for file change: C:\repos\nus-cs2103\cs2103-website-base\book\projectDuke\extensions-fragment.md
2024-08-28T02:51:56.498Z - info: Synchronizing opened pages list before reload
2024-08-28T02:51:56.499Z - info: Current opened pages, from most-to-least recent:
2024-08-28T02:51:56.499Z - info: 1. schedule/week3/project
2024-08-28T02:51:57.516Z - info: Rebuilding 1 pages
2024-08-28T02:51:59.860Z - info: Site data built
2024-08-28T02:51:59.860Z - info: Pages rebuilt
2024-08-28T02:51:59.861Z - info: Website regeneration complete! Total build time: 2.345s
2024-08-28T02:53:09.677Z - info: [10:53:09 am] Reload for file change: C:\repos\nus-cs2103\cs2103-website-base\book\projectDuke\extensions-fragment.md
2024-08-28T02:53:09.677Z - info: Synchronizing opened pages list before reload
2024-08-28T02:53:09.678Z - info: Current opened pages, from most-to-least recent:
2024-08-28T02:53:09.679Z - info: 1. schedule/week3/project
2024-08-28T02:53:10.690Z - info: Rebuilding 1 pages
2024-08-28T02:53:12.879Z - info: Site data built
2024-08-28T02:53:12.879Z - info: Pages rebuilt
2024-08-28T02:53:12.880Z - info: Website regeneration complete! Total build time: 2.191s
2024-08-28T02:53:30.539Z - info: [10:53:30 am] Reload for file change: C:\repos\nus-cs2103\cs2103-website-base\book\projectDuke\extensions-fragment.md
2024-08-28T02:53:30.540Z - info: Synchronizing opened pages list before reload
2024-08-28T02:53:30.541Z - info: Current opened pages, from most-to-least recent:
2024-08-28T02:53:30.541Z - info: 1. schedule/week3/project
2024-08-28T02:53:31.553Z - info: Rebuilding 1 pages
2024-08-28T02:53:33.725Z - info: Site data built
2024-08-28T02:53:33.726Z - info: Pages rebuilt
2024-08-28T02:53:33.726Z - info: Website regeneration complete! Total build time: 2.173s
2024-08-28T02:53:41.620Z - info: [10:53:41 am] Reload for file change: C:\repos\nus-cs2103\cs2103-website-base\book\projectDuke\extensions-fragment.md
2024-08-28T02:53:41.621Z - info: Synchronizing opened pages list before reload
2024-08-28T02:53:41.621Z - info: Current opened pages, from most-to-least recent:
2024-08-28T02:53:41.621Z - info: 1. schedule/week3/project
2024-08-28T02:53:42.624Z - info: Rebuilding 1 pages
2024-08-28T02:53:44.904Z - info: Site data built
2024-08-28T02:53:44.904Z - info: Pages rebuilt
2024-08-28T02:53:44.904Z - info: Website regeneration complete! Total build time: 2.28s
2024-08-28T02:53:52.251Z - info: [10:53:52 am] Reload for file change: C:\repos\nus-cs2103\cs2103-website-base\book\projectDuke\extensions-fragment.md
2024-08-28T02:53:52.253Z - info: Synchronizing opened pages list before reload
2024-08-28T02:53:52.253Z - info: Current opened pages, from most-to-least recent:
2024-08-28T02:53:52.253Z - info: 1. schedule/week3/project
2024-08-28T02:53:53.266Z - info: Rebuilding 1 pages
2024-08-28T02:53:55.074Z - info: Site data built
2024-08-28T02:53:55.074Z - info: Pages rebuilt
2024-08-28T02:53:55.075Z - info: Website regeneration complete! Total build time: 1.809s
2024-08-28T02:56:20.815Z - info: [10:56:20 am] Reload for file change: C:\repos\nus-cs2103\cs2103-website-base\book\projectDuke\extensions-fragment.md
2024-08-28T02:56:20.815Z - info: Synchronizing opened pages list before reload
2024-08-28T02:56:20.816Z - info: Current opened pages, from most-to-least recent:
2024-08-28T02:56:20.816Z - info: 1. schedule/week3/project
2024-08-28T02:56:21.828Z - info: Rebuilding 1 pages
2024-08-28T02:56:24.036Z - info: Site data built
2024-08-28T02:56:24.037Z - info: Pages rebuilt
2024-08-28T02:56:24.037Z - info: Website regeneration complete! Total build time: 2.211s
2024-08-28T02:58:06.488Z - info: [10:58:06 am] Reload for file change: C:\repos\nus-cs2103\cs2103-website-base\book\projectDuke\extensions-fragment.md
2024-08-28T02:58:06.489Z - info: Synchronizing opened pages list before reload
2024-08-28T02:58:06.489Z - info: Current opened pages, from most-to-least recent:
2024-08-28T02:58:06.489Z - info: 1. schedule/week3/project
2024-08-28T02:58:07.491Z - info: Rebuilding 1 pages
2024-08-28T02:58:09.556Z - info: Site data built
2024-08-28T02:58:09.557Z - info: Pages rebuilt
2024-08-28T02:58:09.557Z - info: Website regeneration complete! Total build time: 2.067s
2024-08-28T02:58:37.329Z - info: [10:58:37 am] Reload for file change: C:\repos\nus-cs2103\cs2103-website-base\book\projectDuke\extensions-fragment.md
2024-08-28T02:58:37.329Z - info: Synchronizing opened pages list before reload
2024-08-28T02:58:37.330Z - info: Current opened pages, from most-to-least recent:
2024-08-28T02:58:37.330Z - info: 1. schedule/week3/project
2024-08-28T02:58:38.345Z - info: Rebuilding 1 pages
2024-08-28T02:58:40.450Z - info: Site data built
2024-08-28T02:58:40.450Z - info: Pages rebuilt
2024-08-28T02:58:40.450Z - info: Website regeneration complete! Total build time: 2.106s
2024-08-28T03:00:14.547Z - info: [11:00:14 am] Reload for file change: C:\repos\nus-cs2103\cs2103-website-base\book\projectDuke\extensions-fragment.md
2024-08-28T03:00:14.547Z - info: Synchronizing opened pages list before reload
2024-08-28T03:00:14.548Z - info: Current opened pages, from most-to-least recent:
2024-08-28T03:00:14.548Z - info: 1. schedule/week3/project
2024-08-28T03:00:15.556Z - info: Rebuilding 1 pages
2024-08-28T03:00:17.578Z - info: Site data built
2024-08-28T03:00:17.578Z - info: Pages rebuilt
2024-08-28T03:00:17.578Z - info: Website regeneration complete! Total build time: 2.023s
2024-08-28T03:03:58.275Z - info: [11:03:58 am] Reload for file change: C:\repos\nus-cs2103\cs2103-website-base\book\projectDuke\extensions-fragment.md
2024-08-28T03:03:58.275Z - info: Synchronizing opened pages list before reload
2024-08-28T03:03:58.276Z - info: Current opened pages, from most-to-least recent:
2024-08-28T03:03:58.276Z - info: 1. schedule/week3/project
2024-08-28T03:03:59.280Z - info: Rebuilding 1 pages
2024-08-28T03:04:01.137Z - info: Site data built
2024-08-28T03:04:01.138Z - info: Pages rebuilt
2024-08-28T03:04:01.138Z - info: Website regeneration complete! Total build time: 1.859s
2024-08-28T03:05:40.159Z - info: [11:05:40 am] Reload for file change: C:\repos\nus-cs2103\cs2103-website-base\book\projectDuke\extensions-fragment.md
2024-08-28T03:05:40.159Z - info: Synchronizing opened pages list before reload
2024-08-28T03:05:40.159Z - info: Current opened pages, from most-to-least recent:
2024-08-28T03:05:40.160Z - info: 1. schedule/week3/project
2024-08-28T03:05:41.172Z - info: Rebuilding 1 pages
2024-08-28T03:05:43.131Z - info: Site data built
2024-08-28T03:05:43.131Z - info: Pages rebuilt
2024-08-28T03:05:43.131Z - info: Website regeneration complete! Total build time: 1.961s
2024-08-28T03:06:56.477Z - info: [11:06:56 am] Reload for file change: C:\repos\nus-cs2103\cs2103-website-base\book\projectDuke\extensions-fragment.md
2024-08-28T03:06:56.477Z - info: Synchronizing opened pages list before reload
2024-08-28T03:06:56.477Z - info: Current opened pages, from most-to-least recent:
2024-08-28T03:06:56.477Z - info: 1. schedule/week3/project
2024-08-28T03:06:57.487Z - info: Rebuilding 1 pages
2024-08-28T03:06:59.471Z - info: Site data built
2024-08-28T03:06:59.471Z - info: Pages rebuilt
2024-08-28T03:06:59.472Z - info: Website regeneration complete! Total build time: 1.986s
2024-08-28T03:08:55.944Z - info: [11:08:55 am] Reload for file change: C:\repos\nus-cs2103\cs2103-website-base\book\projectDuke\extensions-fragment.md
2024-08-28T03:08:55.945Z - info: Synchronizing opened pages list before reload
2024-08-28T03:08:55.945Z - info: Current opened pages, from most-to-least recent:
2024-08-28T03:08:55.945Z - info: 1. schedule/week3/project
2024-08-28T03:08:56.950Z - info: Rebuilding 1 pages
2024-08-28T03:08:59.067Z - info: Site data built
2024-08-28T03:08:59.068Z - info: Pages rebuilt
2024-08-28T03:08:59.068Z - info: Website regeneration complete! Total build time: 2.119s
2024-08-28T03:10:08.077Z - info: [11:10:08 am] Reload for file change: C:\repos\nus-cs2103\cs2103-website-base\book\projectDuke\extensions-fragment.md
2024-08-28T03:10:08.078Z - info: Synchronizing opened pages list before reload
2024-08-28T03:10:08.078Z - info: Current opened pages, from most-to-least recent:
2024-08-28T03:10:08.078Z - info: 1. schedule/week3/project
2024-08-28T03:10:09.090Z - info: Rebuilding 1 pages
2024-08-28T03:10:11.160Z - info: Site data built
2024-08-28T03:10:11.160Z - info: Pages rebuilt
2024-08-28T03:10:11.160Z - info: Website regeneration complete! Total build time: 2.071s
2024-08-28T03:10:29.225Z - info: [11:10:29 am] Reload for file change: C:\repos\nus-cs2103\cs2103-website-base\book\projectDuke\extensions-fragment.md
2024-08-28T03:10:29.226Z - info: Synchronizing opened pages list before reload
2024-08-28T03:10:29.226Z - info: Current opened pages, from most-to-least recent:
2024-08-28T03:10:29.226Z - info: 1. schedule/week3/project
2024-08-28T03:10:30.235Z - info: Rebuilding 1 pages
2024-08-28T03:10:32.176Z - info: Site data built
2024-08-28T03:10:32.177Z - info: Pages rebuilt
2024-08-28T03:10:32.177Z - info: Website regeneration complete! Total build time: 1.942s
2024-08-28T03:12:07.148Z - info: Website generation started at 11:11:54 am
2024-08-28T03:12:14.464Z - info: Building assets...
2024-08-28T03:12:20.254Z - info: Assets built
2024-08-28T03:12:20.255Z - info: Generating pages...
2024-08-28T03:12:40.440Z - debug:  
2024-08-28T03:12:40.442Z - debug:  
2024-08-28T03:12:40.443Z - debug:  
2024-08-28T03:12:41.056Z - debug:  
2024-08-28T03:12:41.057Z - debug:  
2024-08-28T03:12:41.064Z - debug:  
2024-08-28T03:12:41.064Z - debug:  
2024-08-28T03:12:41.064Z - debug:  
2024-08-28T03:12:41.065Z - debug:  
2024-08-28T03:12:41.065Z - debug:  
2024-08-28T03:12:41.065Z - debug:  
2024-08-28T03:12:41.066Z - debug:  
2024-08-28T03:12:41.066Z - debug:  
2024-08-28T03:12:41.066Z - debug:  
2024-08-28T03:12:41.066Z - debug:  
2024-08-28T03:12:44.207Z - debug:  
2024-08-28T03:12:44.207Z - debug:  
2024-08-28T03:14:02.931Z - error: Invalid HTML in C:\repos\nus-cs2103\cs2103-website-base\schedule\week5\tutorial.md.
Table must have a tbody tag. Please correct this to avoid Vue hydration issues.

2024-08-28T03:14:28.206Z - error: Invalid HTML in C:\repos\nus-cs2103\cs2103-website-base\schedule\week4\project.md.
Table must have a tbody tag. Please correct this to avoid Vue hydration issues.

2024-08-28T03:14:28.207Z - error: Invalid HTML in C:\repos\nus-cs2103\cs2103-website-base\schedule\week4\project.md.
Table must have a tbody tag. Please correct this to avoid Vue hydration issues.

2024-08-28T03:14:54.621Z - debug:  
2024-08-28T03:15:15.058Z - debug:  
2024-08-28T03:15:15.277Z - debug:  
2024-08-28T03:15:21.280Z - error: Invalid HTML in C:\repos\nus-cs2103\cs2103-website-base\admin\ip-w4.md.
Table must have a tbody tag. Please correct this to avoid Vue hydration issues.

2024-08-28T03:15:21.281Z - error: Invalid HTML in C:\repos\nus-cs2103\cs2103-website-base\admin\ip-w4.md.
Table must have a tbody tag. Please correct this to avoid Vue hydration issues.

2024-08-28T03:15:25.520Z - info: Pages built
2024-08-28T03:15:26.619Z - info: Site data built
2024-08-28T03:15:26.619Z - info: Website generation complete! Total build time: 212.215s
2024-08-28T03:15:26.619Z - info: Build success!
2024-08-28T03:19:07.161Z - info: The website has been deployed at: https://nus-cs2103-ay2425s1.github.io/website
2024-08-28T12:14:45.692Z - info: Website generation started at 8:14:39 pm
2024-08-28T12:14:53.924Z - info: Building assets...
