2024-07-19T03:49:41.187Z - info: Website generation (lazy) started at 11:49:34 am
2024-07-19T03:49:52.166Z - warn: ENOENT: no such file or directory, open 'C:\repos\nus-cs2103\cs2103-website-base\cache\gh-pages\https!github.com!nus-cs2103-AY2425S1!website.git\book\_markbind\variables.md'
2024-07-19T03:49:52.168Z - warn: ENOENT: no such file or directory, open 'C:\repos\nus-cs2103\cs2103-website-base\cache\gh-pages\https!github.com!nus-cs2103-AY2425S1!website.git\_markbind\variables.md'
2024-07-19T03:49:52.239Z - info: Building assets...
2024-07-19T03:50:54.372Z - info: Assets built
2024-07-19T03:50:54.373Z - info: Generating landing page...
2024-07-19T03:50:56.814Z - info: Landing page built, other pages will be built as you navigate to them!
2024-07-19T03:50:58.259Z - info: Site data built
2024-07-19T03:50:58.260Z - info: Website generation (lazy) complete! Total build time: 83.775s
2024-07-19T03:50:58.769Z - info: Serving "C:\repos\nus-cs2103\cs2103-website-base\_site" at http://127.0.0.1:8080
2024-07-19T03:50:58.769Z - info: Press CTRL+C to stop ...
2024-07-19T03:52:33.345Z - info: Building C:\repos\nus-cs2103\cs2103-website-base\schedule\week1\index as some of its dependencies were changed since the last visit
2024-07-19T03:52:34.111Z - info: Site data built
2024-07-19T03:52:34.112Z - info: Lazy website regeneration complete! Total build time: 0.768s
2024-07-19T03:52:54.779Z - info: Building C:\repos\nus-cs2103\cs2103-website-base\schedule\week1\topics-py as some of its dependencies were changed since the last visit
2024-07-19T03:52:55.521Z - info: Site data built
2024-07-19T03:52:55.521Z - info: Lazy website regeneration complete! Total build time: 0.743s
2024-07-19T03:53:01.649Z - info: Building C:\repos\nus-cs2103\cs2103-website-base\schedule\week1\topics as some of its dependencies were changed since the last visit
2024-07-19T03:53:02.123Z - info: Site data built
2024-07-19T03:53:02.124Z - info: Lazy website regeneration complete! Total build time: 0.476s
2024-07-19T03:53:11.255Z - info: Building C:\repos\nus-cs2103\cs2103-website-base\admin\index as some of its dependencies were changed since the last visit
2024-07-19T03:53:12.794Z - info: Site data built
2024-07-19T03:53:12.795Z - info: Lazy website regeneration complete! Total build time: 1.54s
2024-07-19T03:54:54.663Z - info: [11:54:54 am] Reload for file change: C:\repos\nus-cs2103\cs2103-website-base\admin\index-tee3201-fragment.md
2024-07-19T03:54:54.665Z - info: Synchronizing opened pages list before reload
2024-07-19T03:54:54.666Z - info: Current opened pages, from most-to-least recent:
2024-07-19T03:54:54.667Z - info: 1. admin/index
2024-07-19T03:54:55.678Z - info: Rebuilding 1 pages
2024-07-19T03:54:58.377Z - info: Site data built
2024-07-19T03:54:58.378Z - info: Pages rebuilt
2024-07-19T03:54:58.378Z - info: Website regeneration complete! Total build time: 2.703s
2024-07-19T03:55:19.599Z - info: [11:55:19 am] Reload for file change: C:\repos\nus-cs2103\cs2103-website-base\admin\index-tee3201-fragment.md
2024-07-19T03:55:19.600Z - info: Synchronizing opened pages list before reload
2024-07-19T03:55:19.601Z - info: Current opened pages, from most-to-least recent:
2024-07-19T03:55:19.601Z - info: 1. admin/index
2024-07-19T03:55:20.617Z - info: Rebuilding 1 pages
2024-07-19T03:55:22.584Z - info: Site data built
2024-07-19T03:55:22.585Z - info: Pages rebuilt
2024-07-19T03:55:22.585Z - info: Website regeneration complete! Total build time: 1.97s
2024-07-19T03:55:51.172Z - info: [11:55:51 am] Reload for file change: C:\repos\nus-cs2103\cs2103-website-base\admin\index-tee3201-fragment.md
2024-07-19T03:55:51.174Z - info: Synchronizing opened pages list before reload
2024-07-19T03:55:51.174Z - info: Current opened pages, from most-to-least recent:
2024-07-19T03:55:51.175Z - info: 1. admin/index
2024-07-19T03:55:52.186Z - info: Rebuilding 1 pages
2024-07-19T03:55:54.207Z - info: Site data built
2024-07-19T03:55:54.208Z - info: Pages rebuilt
2024-07-19T03:55:54.208Z - info: Website regeneration complete! Total build time: 2.024s
2024-07-19T03:57:33.085Z - info: [11:57:33 am] Reload for file change: C:\repos\nus-cs2103\cs2103-website-base\admin\index-tee3201-fragment.md
2024-07-19T03:57:33.086Z - info: Synchronizing opened pages list before reload
2024-07-19T03:57:33.087Z - info: Current opened pages, from most-to-least recent:
2024-07-19T03:57:33.087Z - info: 1. admin/index
2024-07-19T03:57:34.106Z - info: Rebuilding 1 pages
2024-07-19T03:57:36.056Z - info: Site data built
2024-07-19T03:57:36.057Z - info: Pages rebuilt
2024-07-19T03:57:36.057Z - info: Website regeneration complete! Total build time: 1.953s
2024-07-19T03:58:23.533Z - info: [11:58:23 am] Reload for file change: C:\repos\nus-cs2103\cs2103-website-base\admin\exam-pen-and-paper.md
2024-07-19T03:58:23.534Z - info: Synchronizing opened pages list before reload
2024-07-19T03:58:23.534Z - info: Current opened pages, from most-to-least recent:
2024-07-19T03:58:23.535Z - info: 1. admin/index
2024-07-19T03:58:24.545Z - info: Rebuilding 1 pages
2024-07-19T03:58:27.088Z - info: Site data built
2024-07-19T03:58:27.089Z - info: Pages rebuilt
2024-07-19T03:58:27.089Z - info: Website regeneration complete! Total build time: 2.546s
2024-07-19T03:59:28.554Z - info: [11:59:28 am] Reload for file change: C:\repos\nus-cs2103\cs2103-website-base\admin\exam-pen-and-paper.md
2024-07-19T03:59:28.555Z - info: Synchronizing opened pages list before reload
2024-07-19T03:59:28.555Z - info: Current opened pages, from most-to-least recent:
2024-07-19T03:59:28.556Z - info: 1. admin/index
2024-07-19T03:59:29.567Z - info: Rebuilding 1 pages
2024-07-19T03:59:31.413Z - info: Site data built
2024-07-19T03:59:31.413Z - info: Pages rebuilt
2024-07-19T03:59:31.413Z - info: Website regeneration complete! Total build time: 1.848s
2024-07-19T03:59:56.486Z - info: Building C:\repos\nus-cs2103\cs2103-website-base\schedule\timeline as some of its dependencies were changed since the last visit
2024-07-19T03:59:59.302Z - info: Site data built
2024-07-19T03:59:59.302Z - info: Lazy website regeneration complete! Total build time: 2.817s
2024-07-19T04:01:53.545Z - info: Website generation started at 12:01:38 pm
2024-07-19T04:02:01.583Z - info: Building assets...
