2024-10-22T12:11:58.108Z - info: Website generation started at 20:11:57
2024-10-22T12:11:58.396Z - warn: ENOENT: no such file or directory, open '/Users/damithch/Repos/nus-cs2103/cs2103-website-base/node_modules/.cache/gh-pages/https!github.com!nus-cs2103-AY2425S1!website.git/book/_markbind/variables.md'
2024-10-22T12:11:58.396Z - warn: ENOENT: no such file or directory, open '/Users/damithch/Repos/nus-cs2103/cs2103-website-base/node_modules/.cache/gh-pages/https!github.com!nus-cs2103-AY2425S1!website.git/_markbind/variables.md'
2024-10-22T12:11:58.415Z - info: Building assets...
2024-10-22T12:11:59.800Z - info: Assets built
2024-10-22T12:11:59.800Z - info: Generating pages...
2024-10-22T12:12:04.730Z - debug:  
2024-10-22T12:12:04.731Z - debug:  
2024-10-22T12:12:04.731Z - debug:  
2024-10-22T12:12:04.731Z - debug:  
2024-10-22T12:12:04.731Z - debug:  
2024-10-22T12:12:04.731Z - debug:  
2024-10-22T12:12:04.731Z - debug:  
2024-10-22T12:12:04.731Z - debug:  
2024-10-22T12:12:04.731Z - debug:  
2024-10-22T12:12:04.769Z - debug:  
2024-10-22T12:12:05.054Z - debug:  
2024-10-22T12:12:05.054Z - debug:  
2024-10-22T12:12:05.054Z - debug:  
2024-10-22T12:12:05.054Z - debug:  
2024-10-22T12:12:05.054Z - debug:  
2024-10-22T12:12:06.382Z - debug:  
2024-10-22T12:12:13.074Z - debug:  
2024-10-22T12:12:16.934Z - debug:  
2024-10-22T12:12:35.253Z - info: Pages built
2024-10-22T12:12:35.323Z - info: Site data built
2024-10-22T12:12:35.323Z - info: Website generation complete! Total build time: 38.133s
2024-10-22T12:12:35.323Z - info: Build success!
2024-10-22T12:12:54.662Z - info: The website has been deployed at: https://nus-tic2002-ay2425s1.github.io/website
2024-10-22T15:08:15.030Z - info: Website generation started at 23:08:14
2024-10-22T15:08:15.260Z - warn: ENOENT: no such file or directory, open '/Users/damithch/Repos/nus-cs2103/cs2103-website-base/node_modules/.cache/gh-pages/https!github.com!nus-tic2002-AY2425S1!website.git/book/_markbind/variables.md'
2024-10-22T15:08:15.260Z - warn: ENOENT: no such file or directory, open '/Users/damithch/Repos/nus-cs2103/cs2103-website-base/node_modules/.cache/gh-pages/https!github.com!nus-tic2002-AY2425S1!website.git/_markbind/variables.md'
2024-10-22T15:08:15.278Z - info: Building assets...
2024-10-22T15:08:16.560Z - info: Assets built
2024-10-22T15:08:16.561Z - info: Generating pages...
2024-10-22T15:08:21.093Z - debug:  
2024-10-22T15:08:21.094Z - debug:  
2024-10-22T15:08:21.094Z - debug:  
2024-10-22T15:08:21.356Z - debug:  
2024-10-22T15:08:21.356Z - debug:  
2024-10-22T15:08:21.356Z - debug:  
2024-10-22T15:08:21.356Z - debug:  
2024-10-22T15:08:21.356Z - debug:  
2024-10-22T15:08:21.356Z - debug:  
2024-10-22T15:08:21.356Z - debug:  
2024-10-22T15:08:21.356Z - debug:  
2024-10-22T15:08:21.356Z - debug:  
2024-10-22T15:08:21.886Z - debug:  
2024-10-22T15:08:21.886Z - debug:  
2024-10-22T15:08:21.886Z - debug:  
2024-10-22T15:08:21.886Z - debug:  
2024-10-22T15:08:22.023Z - debug:  
2024-10-22T15:08:30.683Z - debug:  
2024-10-22T15:09:08.874Z - debug:  
2024-10-22T15:09:17.163Z - debug:  
2024-10-22T15:09:17.564Z - debug:  
2024-10-22T15:09:23.074Z - info: Pages built
2024-10-22T15:09:23.147Z - info: Site data built
2024-10-22T15:09:23.147Z - info: Website generation complete! Total build time: 69.017s
2024-10-22T15:09:23.147Z - info: Build success!
2024-10-22T15:10:02.412Z - info: The website has been deployed at: https://nus-cs2103-ay2425s1.github.io/website
