2024-09-03T11:46:14.645Z - info: Website generation started at 7:46:08 pm
2024-09-03T11:46:23.255Z - info: Building assets...
2024-09-03T11:46:29.133Z - info: Assets built
2024-09-03T11:46:29.135Z - info: Generating pages...
2024-09-03T11:46:55.783Z - debug:  
2024-09-03T11:46:55.785Z - debug:  
2024-09-03T11:46:55.785Z - debug:  
2024-09-03T11:46:55.786Z - debug:  
2024-09-03T11:46:55.786Z - debug:  
2024-09-03T11:46:55.787Z - debug:  
2024-09-03T11:46:55.973Z - debug:  
2024-09-03T11:46:55.973Z - debug:  
2024-09-03T11:46:56.036Z - debug:  
2024-09-03T11:46:56.077Z - debug:  
2024-09-03T11:46:56.107Z - debug:  
2024-09-03T11:46:56.134Z - debug:  
2024-09-03T11:46:56.178Z - debug:  
2024-09-03T11:46:56.183Z - debug:  
2024-09-03T11:46:56.200Z - debug:  
2024-09-03T11:47:03.220Z - debug:  
2024-09-03T11:47:28.642Z - debug:  
2024-09-03T11:47:43.148Z - debug:  
2024-09-03T11:48:50.386Z - info: Pages built
2024-09-03T11:48:52.042Z - info: Site data built
2024-09-03T11:48:52.042Z - info: Website generation complete! Total build time: 163.87s
2024-09-03T11:48:52.042Z - info: Build success!
2024-09-03T11:51:28.261Z - info: The website has been deployed at: https://nus-tic2002-ay2425s1.github.io/website
