2024-09-09T17:17:11.804Z - info: Website generation (lazy) started at 1:16:48 am
2024-09-09T17:17:22.948Z - warn: ENOENT: no such file or directory, open 'C:\repos\nus-cs2103\cs2103-website-base\node_modules\.cache\gh-pages\https!github.com!nus-cs2103-AY2425S1!website.git\book\_markbind\variables.md'
2024-09-09T17:17:22.950Z - warn: ENOENT: no such file or directory, open 'C:\repos\nus-cs2103\cs2103-website-base\node_modules\.cache\gh-pages\https!github.com!nus-cs2103-AY2425S1!website.git\_markbind\variables.md'
2024-09-09T17:17:23.031Z - info: Building assets...
2024-09-09T17:18:21.218Z - info: Assets built
2024-09-09T17:18:21.220Z - info: Generating landing page...
2024-09-09T17:18:22.375Z - info: Landing page built, other pages will be built as you navigate to them!
2024-09-09T17:18:24.140Z - info: Site data built
2024-09-09T17:18:24.141Z - info: Website generation (lazy) complete! Total build time: 95.275s
2024-09-09T17:18:24.758Z - info: Serving "C:\repos\nus-cs2103\cs2103-website-base\_site" at http://127.0.0.1:8080
2024-09-09T17:18:24.759Z - info: Press CTRL+C to stop ...
2024-09-09T17:19:32.728Z - info: Building C:\repos\nus-cs2103\cs2103-website-base\schedule\week5\index as some of its dependencies were changed since the last visit
2024-09-09T17:19:33.149Z - info: Site data built
2024-09-09T17:19:33.149Z - info: Lazy website regeneration complete! Total build time: 0.422s
2024-09-09T17:19:35.189Z - info: Building C:\repos\nus-cs2103\cs2103-website-base\schedule\week6\index as some of its dependencies were changed since the last visit
2024-09-09T17:19:35.550Z - info: Site data built
2024-09-09T17:19:35.551Z - info: Lazy website regeneration complete! Total build time: 0.362s
2024-09-09T17:19:41.787Z - info: Building C:\repos\nus-cs2103\cs2103-website-base\schedule\week6\topics-py as some of its dependencies were changed since the last visit
2024-09-09T17:19:42.474Z - info: Site data built
2024-09-09T17:19:42.475Z - info: Lazy website regeneration complete! Total build time: 0.688s
2024-09-09T17:20:17.537Z - info: [1:20:17 am] Reload for file change: C:\repos\nus-cs2103\cs2103-website-base\programming\files-reading\e-fileStats.md
2024-09-09T17:20:17.538Z - info: Synchronizing opened pages list before reload
2024-09-09T17:20:17.539Z - info: Current opened pages, from most-to-least recent:
2024-09-09T17:20:17.540Z - info: 1. schedule/week6/topics-py
2024-09-09T17:20:18.546Z - info: Rebuilding 1 pages
2024-09-09T17:20:19.420Z - info: Site data built
2024-09-09T17:20:19.420Z - info: Pages rebuilt
2024-09-09T17:20:19.421Z - info: Website regeneration complete! Total build time: 0.875s
2024-09-09T17:20:46.664Z - info: [1:20:46 am] Reload for file change: C:\repos\nus-cs2103\cs2103-website-base\programming\files-reading\e-fileStats.md
2024-09-09T17:20:46.665Z - info: Synchronizing opened pages list before reload
2024-09-09T17:20:46.666Z - info: Current opened pages, from most-to-least recent:
2024-09-09T17:20:46.666Z - info: 1. schedule/week6/topics-py
2024-09-09T17:20:47.674Z - info: Rebuilding 1 pages
2024-09-09T17:20:48.333Z - info: Site data built
2024-09-09T17:20:48.334Z - info: Pages rebuilt
2024-09-09T17:20:48.334Z - info: Website regeneration complete! Total build time: 0.661s
2024-09-09T17:21:23.165Z - info: [1:21:23 am] Reload for file change: C:\repos\nus-cs2103\cs2103-website-base\programming\files-reading\e-fileStats.md
2024-09-09T17:21:23.166Z - info: Synchronizing opened pages list before reload
2024-09-09T17:21:23.166Z - info: Current opened pages, from most-to-least recent:
2024-09-09T17:21:23.167Z - info: 1. schedule/week6/topics-py
2024-09-09T17:21:24.180Z - info: Rebuilding 1 pages
2024-09-09T17:21:24.915Z - info: Site data built
2024-09-09T17:21:24.916Z - info: Pages rebuilt
2024-09-09T17:21:24.916Z - info: Website regeneration complete! Total build time: 0.737s
2024-09-09T17:22:54.737Z - info: Website generation started at 1:22:39 am
2024-09-09T17:23:04.913Z - warn: ENOENT: no such file or directory, open 'C:\repos\nus-cs2103\cs2103-website-base\node_modules\.cache\gh-pages\https!github.com!nus-cs2103-AY2425S1!website.git\book\_markbind\variables.md'
2024-09-09T17:23:04.915Z - warn: ENOENT: no such file or directory, open 'C:\repos\nus-cs2103\cs2103-website-base\node_modules\.cache\gh-pages\https!github.com!nus-cs2103-AY2425S1!website.git\_markbind\variables.md'
2024-09-09T17:23:05.013Z - info: Building assets...
