2024-10-08T15:26:38.244Z - info: Website generation started at 11:26:03 pm
2024-10-08T15:27:01.128Z - warn: ENOENT: no such file or directory, open 'C:\repos\nus-cs2103\cs2103-website-base\node_modules\.cache\gh-pages\https!github.com!nus-cs2103-AY2425S1!website.git\book\_markbind\variables.md'
2024-10-08T15:27:01.131Z - warn: ENOENT: no such file or directory, open 'C:\repos\nus-cs2103\cs2103-website-base\node_modules\.cache\gh-pages\https!github.com!nus-cs2103-AY2425S1!website.git\cache\gh-pages\https!github.com!nus-cs2103-AY2425S1!website.git\book\_markbind\variables.md'
2024-10-08T15:27:01.133Z - warn: ENOENT: no such file or directory, open 'C:\repos\nus-cs2103\cs2103-website-base\node_modules\.cache\gh-pages\https!github.com!nus-cs2103-AY2425S1!website.git\cache\gh-pages\https!github.com!nus-cs2103-AY2425S1!website.git\_markbind\variables.md'
2024-10-08T15:27:01.135Z - warn: ENOENT: no such file or directory, open 'C:\repos\nus-cs2103\cs2103-website-base\node_modules\.cache\gh-pages\https!github.com!nus-cs2103-AY2425S1!website.git\_markbind\variables.md'
2024-10-08T15:27:01.228Z - info: Building assets...
2024-10-08T15:28:45.978Z - info: Assets built
2024-10-08T15:28:45.980Z - info: Generating pages...
2024-10-08T15:29:16.895Z - debug:  
2024-10-08T15:29:16.899Z - debug:  
2024-10-08T15:29:16.900Z - debug:  
2024-10-08T15:29:16.901Z - debug:  
2024-10-08T15:29:16.902Z - debug:  
2024-10-08T15:29:17.433Z - debug:  
2024-10-08T15:29:17.435Z - debug:  
2024-10-08T15:29:17.435Z - debug:  
2024-10-08T15:29:17.435Z - debug:  
2024-10-08T15:29:17.470Z - debug:  
2024-10-08T15:29:17.481Z - debug:  
2024-10-08T15:29:19.379Z - debug:  
2024-10-08T15:29:19.380Z - debug:  
2024-10-08T15:29:19.380Z - debug:  
2024-10-08T15:29:19.380Z - debug:  
2024-10-08T15:29:25.017Z - debug:  
2024-10-08T15:30:03.252Z - debug:  
2024-10-08T15:30:22.648Z - debug:  
2024-10-08T15:31:47.940Z - info: Pages built
2024-10-08T15:31:49.479Z - info: Site data built
2024-10-08T15:31:49.480Z - info: Website generation complete! Total build time: 346.376s
2024-10-08T15:31:49.480Z - info: Build success!
2024-10-08T15:35:53.514Z - info: The website has been deployed at: https://nus-tic2002-ay2425s1.github.io/website
