2024-08-13T16:50:40.203Z - info: Website generation (lazy) started at 12:50:32 am
2024-08-13T16:50:52.248Z - warn: ENOENT: no such file or directory, open 'C:\repos\nus-cs2103\cs2103-website-base\cache\gh-pages\https!github.com!nus-tic2002-AY2425S1!website.git\book\_markbind\variables.md'
2024-08-13T16:50:52.250Z - warn: ENOENT: no such file or directory, open 'C:\repos\nus-cs2103\cs2103-website-base\cache\gh-pages\https!github.com!nus-tic2002-AY2425S1!website.git\_markbind\variables.md'
2024-08-13T16:50:52.324Z - info: Building assets...
2024-08-13T16:51:43.213Z - info: Assets built
2024-08-13T16:51:43.215Z - info: Generating landing page...
2024-08-13T16:51:46.559Z - info: Landing page built, other pages will be built as you navigate to them!
2024-08-13T16:51:48.240Z - info: Site data built
2024-08-13T16:51:48.241Z - info: Website generation (lazy) complete! Total build time: 75.518s
2024-08-13T16:51:48.287Z - info: Serving "C:\repos\nus-cs2103\cs2103-website-base\_site" at http://127.0.0.1:8080
2024-08-13T16:51:48.287Z - info: Press CTRL+C to stop ...
2024-08-13T17:49:30.928Z - info: [1:49:30 am] Reload for file change: C:\repos\nus-cs2103\cs2103-website-base\schedule\index.md
2024-08-13T17:49:30.943Z - info: Synchronizing opened pages list before reload
2024-08-13T17:49:30.960Z - info: Current opened pages, from most-to-least recent:
2024-08-13T17:49:30.962Z - info: 1. index
2024-08-13T17:49:32.006Z - info: No pages needed to be rebuilt
2024-08-13T17:49:35.677Z - info: Building C:\repos\nus-cs2103\cs2103-website-base\schedule\week1\index as some of its dependencies were changed since the last visit
2024-08-13T17:49:36.283Z - info: Site data built
2024-08-13T17:49:36.283Z - info: Lazy website regeneration complete! Total build time: 0.607s
2024-08-13T17:49:39.172Z - info: Building C:\repos\nus-cs2103\cs2103-website-base\schedule\week1\admin as some of its dependencies were changed since the last visit
2024-08-13T17:49:39.909Z - info: Site data built
2024-08-13T17:49:39.909Z - info: Lazy website regeneration complete! Total build time: 0.737s
2024-08-13T17:50:22.114Z - info: [1:50:22 am] Reload for file change: C:\repos\nus-cs2103\cs2103-website-base\schedule\index.md
2024-08-13T17:50:22.115Z - info: Synchronizing opened pages list before reload
2024-08-13T17:50:22.115Z - info: Current opened pages, from most-to-least recent:
2024-08-13T17:50:22.115Z - info: 1. schedule/week1/admin
2024-08-13T17:50:23.119Z - info: Rebuilding 1 pages
2024-08-13T17:50:23.704Z - info: Site data built
2024-08-13T17:50:23.704Z - info: Pages rebuilt
2024-08-13T17:50:23.704Z - info: Website regeneration complete! Total build time: 0.586s
2024-08-13T17:51:29.146Z - info: [1:51:29 am] Reload for file change: C:\repos\nus-cs2103\cs2103-website-base\schedule\week1\admin-tee3201-fragment.md
2024-08-13T17:51:29.146Z - info: Synchronizing opened pages list before reload
2024-08-13T17:51:29.147Z - info: Current opened pages, from most-to-least recent:
2024-08-13T17:51:29.147Z - info: 1. schedule/week1/admin
2024-08-13T17:51:30.153Z - info: Rebuilding 1 pages
2024-08-13T17:51:31.293Z - info: Site data built
2024-08-13T17:51:31.294Z - info: Pages rebuilt
2024-08-13T17:51:31.294Z - info: Website regeneration complete! Total build time: 1.143s
2024-08-13T17:52:06.692Z - info: [1:52:06 am] Reload for file change: C:\repos\nus-cs2103\cs2103-website-base\schedule\week1\admin-tee3201-fragment.md
2024-08-13T17:52:06.692Z - info: Synchronizing opened pages list before reload
2024-08-13T17:52:06.692Z - info: Current opened pages, from most-to-least recent:
2024-08-13T17:52:06.693Z - info: 1. schedule/week1/admin
2024-08-13T17:52:07.700Z - info: Rebuilding 1 pages
2024-08-13T17:52:08.527Z - info: Site data built
2024-08-13T17:52:08.528Z - info: Pages rebuilt
2024-08-13T17:52:08.528Z - info: Website regeneration complete! Total build time: 0.83s
2024-08-13T17:52:31.824Z - info: [1:52:31 am] Reload for file change: C:\repos\nus-cs2103\cs2103-website-base\schedule\week1\admin-tee3201-fragment.md
2024-08-13T17:52:31.825Z - info: Synchronizing opened pages list before reload
2024-08-13T17:52:31.825Z - info: Current opened pages, from most-to-least recent:
2024-08-13T17:52:31.826Z - info: 1. schedule/week1/admin
2024-08-13T17:52:32.836Z - info: Rebuilding 1 pages
2024-08-13T17:52:33.546Z - info: Site data built
2024-08-13T17:52:33.546Z - info: Pages rebuilt
2024-08-13T17:52:33.547Z - info: Website regeneration complete! Total build time: 0.711s
2024-08-13T17:53:03.424Z - info: [1:53:03 am] Reload for file change: C:\repos\nus-cs2103\cs2103-website-base\_markbind\boilerplates\montyFragment.md
2024-08-13T17:53:03.425Z - info: Synchronizing opened pages list before reload
2024-08-13T17:53:03.425Z - info: Current opened pages, from most-to-least recent:
2024-08-13T17:53:03.426Z - info: 1. schedule/week1/admin
2024-08-13T17:53:04.436Z - info: Rebuilding 1 pages
2024-08-13T17:53:05.204Z - info: Site data built
2024-08-13T17:53:05.204Z - info: Pages rebuilt
2024-08-13T17:53:05.204Z - info: Website regeneration complete! Total build time: 0.769s
2024-08-13T17:53:37.918Z - info: Building C:\repos\nus-cs2103\cs2103-website-base\schedule\week2\index as some of its dependencies were changed since the last visit
2024-08-13T17:53:38.358Z - info: Site data built
2024-08-13T17:53:38.358Z - info: Lazy website regeneration complete! Total build time: 0.44s
2024-08-13T17:53:44.942Z - info: Building C:\repos\nus-cs2103\cs2103-website-base\schedule\week2\topics-py as some of its dependencies were changed since the last visit
2024-08-13T17:53:45.727Z - info: Site data built
2024-08-13T17:53:45.727Z - info: Lazy website regeneration complete! Total build time: 0.786s
2024-08-13T17:54:14.700Z - info: Building C:\repos\nus-cs2103\cs2103-website-base\schedule\week2\topics as some of its dependencies were changed since the last visit
2024-08-13T17:54:18.743Z - debug:  
2024-08-13T17:54:18.890Z - info: Site data built
2024-08-13T17:54:18.890Z - info: Lazy website regeneration complete! Total build time: 4.19s
2024-08-13T17:54:27.097Z - info: Building C:\repos\nus-cs2103\cs2103-website-base\schedule\week1\index as some of its dependencies were changed since the last visit
2024-08-13T17:54:27.303Z - info: Site data built
2024-08-13T17:54:27.304Z - info: Lazy website regeneration complete! Total build time: 0.206s
2024-08-13T17:54:31.071Z - info: Building C:\repos\nus-cs2103\cs2103-website-base\schedule\week1\topics-py as some of its dependencies were changed since the last visit
2024-08-13T17:54:31.528Z - info: Site data built
2024-08-13T17:54:31.528Z - info: Lazy website regeneration complete! Total build time: 0.458s
2024-08-13T17:55:25.596Z - info: Building C:\repos\nus-cs2103\cs2103-website-base\schedule\week1\topics as some of its dependencies were changed since the last visit
2024-08-13T17:55:26.096Z - info: Site data built
2024-08-13T17:55:26.097Z - info: Lazy website regeneration complete! Total build time: 0.501s
2024-08-13T17:56:10.665Z - info: [1:56:10 am] Reload for file change: C:\repos\nus-cs2103\cs2103-website-base\schedule\week1\admin-tee3201-fragment.md
2024-08-13T17:56:10.666Z - info: Synchronizing opened pages list before reload
2024-08-13T17:56:10.666Z - info: Current opened pages, from most-to-least recent:
2024-08-13T17:56:10.666Z - info: 1. schedule/week1/admin
2024-08-13T17:56:11.677Z - info: Rebuilding 1 pages
2024-08-13T17:56:12.339Z - info: Site data built
2024-08-13T17:56:12.340Z - info: Pages rebuilt
2024-08-13T17:56:12.340Z - info: Website regeneration complete! Total build time: 0.663s
2024-08-13T17:56:27.574Z - info: [1:56:27 am] Reload for file change: C:\repos\nus-cs2103\cs2103-website-base\schedule\week1\admin-tee3201-fragment.md
2024-08-13T17:56:27.574Z - info: Synchronizing opened pages list before reload
2024-08-13T17:56:27.574Z - info: Current opened pages, from most-to-least recent:
2024-08-13T17:56:27.574Z - info: 1. schedule/week1/admin
2024-08-13T17:56:28.583Z - info: Rebuilding 1 pages
2024-08-13T17:56:29.336Z - info: Site data built
2024-08-13T17:56:29.337Z - info: Pages rebuilt
2024-08-13T17:56:29.337Z - info: Website regeneration complete! Total build time: 0.755s
2024-08-13T17:56:37.100Z - info: [1:56:37 am] Reload for file change: C:\repos\nus-cs2103\cs2103-website-base\schedule\week1\admin-tee3201-fragment.md
2024-08-13T17:56:37.101Z - info: Synchronizing opened pages list before reload
2024-08-13T17:56:37.101Z - info: Current opened pages, from most-to-least recent:
2024-08-13T17:56:37.101Z - info: 1. schedule/week1/admin
2024-08-13T17:56:38.117Z - info: Rebuilding 1 pages
2024-08-13T17:56:38.643Z - info: Site data built
2024-08-13T17:56:38.644Z - info: Pages rebuilt
2024-08-13T17:56:38.644Z - info: Website regeneration complete! Total build time: 0.528s
2024-08-13T17:56:47.854Z - info: [1:56:47 am] Reload for file change: C:\repos\nus-cs2103\cs2103-website-base\schedule\week1\admin-tee3201-fragment.md
2024-08-13T17:56:47.854Z - info: Synchronizing opened pages list before reload
2024-08-13T17:56:47.854Z - info: Current opened pages, from most-to-least recent:
2024-08-13T17:56:47.855Z - info: 1. schedule/week1/admin
2024-08-13T17:56:48.861Z - info: Rebuilding 1 pages
2024-08-13T17:56:49.317Z - info: Site data built
2024-08-13T17:56:49.318Z - info: Pages rebuilt
2024-08-13T17:56:49.318Z - info: Website regeneration complete! Total build time: 0.458s
2024-08-13T17:57:41.511Z - info: Building C:\repos\nus-cs2103\cs2103-website-base\schedule\week1\index as some of its dependencies were changed since the last visit
2024-08-13T17:57:41.886Z - info: Site data built
2024-08-13T17:57:41.887Z - info: Lazy website regeneration complete! Total build time: 0.375s
2024-08-13T17:59:42.742Z - info: Website generation started at 1:59:28 am
2024-08-13T17:59:50.955Z - info: Building assets...
