2024-09-18T04:23:10.910Z - info: Website generation (lazy) started at 12:22:34 pm
2024-09-18T04:23:34.984Z - warn: ENOENT: no such file or directory, open 'C:\repos\nus-cs2103\cs2103-website-base\cache\gh-pages\https!github.com!nus-tic2002-AY2425S1!website.git\book\_markbind\variables.md'
2024-09-18T04:23:34.986Z - warn: ENOENT: no such file or directory, open 'C:\repos\nus-cs2103\cs2103-website-base\cache\gh-pages\https!github.com!nus-tic2002-AY2425S1!website.git\_markbind\variables.md'
2024-09-18T04:23:34.988Z - warn: ENOENT: no such file or directory, open 'C:\repos\nus-cs2103\cs2103-website-base\node_modules\.cache\gh-pages\https!github.com!nus-cs2103-AY2425S1!website.git\book\_markbind\variables.md'
2024-09-18T04:23:34.989Z - warn: ENOENT: no such file or directory, open 'C:\repos\nus-cs2103\cs2103-website-base\node_modules\.cache\gh-pages\https!github.com!nus-cs2103-AY2425S1!website.git\cache\gh-pages\https!github.com!nus-cs2103-AY2425S1!website.git\book\_markbind\variables.md'
2024-09-18T04:23:34.991Z - warn: ENOENT: no such file or directory, open 'C:\repos\nus-cs2103\cs2103-website-base\node_modules\.cache\gh-pages\https!github.com!nus-cs2103-AY2425S1!website.git\cache\gh-pages\https!github.com!nus-cs2103-AY2425S1!website.git\_markbind\variables.md'
2024-09-18T04:23:34.993Z - warn: ENOENT: no such file or directory, open 'C:\repos\nus-cs2103\cs2103-website-base\node_modules\.cache\gh-pages\https!github.com!nus-cs2103-AY2425S1!website.git\_markbind\variables.md'
2024-09-18T04:23:35.201Z - info: Building assets...
2024-09-18T04:26:12.456Z - info: Assets built
2024-09-18T04:26:12.459Z - info: Generating landing page...
2024-09-18T04:26:14.227Z - info: Landing page built, other pages will be built as you navigate to them!
2024-09-18T04:26:15.819Z - info: Site data built
2024-09-18T04:26:15.820Z - info: Website generation (lazy) complete! Total build time: 221.389s
2024-09-18T04:26:16.305Z - info: Serving "C:\repos\nus-cs2103\cs2103-website-base\_site" at http://127.0.0.1:8080
2024-09-18T04:26:16.305Z - info: Press CTRL+C to stop ...
2024-09-18T04:28:31.649Z - info: [12:28:31 pm] Reload for file change: C:\repos\nus-cs2103\cs2103-website-base\admin\appendixC-faq.md
2024-09-18T04:28:31.651Z - info: Synchronizing opened pages list before reload
2024-09-18T04:28:31.652Z - info: Current opened pages, from most-to-least recent:
2024-09-18T04:28:31.652Z - info: 1. index
2024-09-18T04:28:31.697Z - info: [12:28:31 pm] Reload for file change: C:\repos\nus-cs2103\cs2103-website-base\admin\faq-fragment.md
2024-09-18T04:28:31.698Z - info: Synchronizing opened pages list before reload
2024-09-18T04:28:31.698Z - info: Current opened pages, from most-to-least recent:
2024-09-18T04:28:31.698Z - info: 1. index
2024-09-18T04:28:32.675Z - info: No pages needed to be rebuilt
2024-09-18T04:28:32.678Z - info: Building C:\repos\nus-cs2103\cs2103-website-base\admin\index as some of its dependencies were changed since the last visit
2024-09-18T04:28:33.731Z - info: Assets built
2024-09-18T04:28:34.353Z - info: Site data built
2024-09-18T04:28:34.354Z - info: Lazy website regeneration complete! Total build time: 1.676s
2024-09-18T04:28:47.109Z - info: Building C:\repos\nus-cs2103\cs2103-website-base\admin\appendixC-faq as some of its dependencies were changed since the last visit
2024-09-18T04:28:48.564Z - info: Site data built
2024-09-18T04:28:48.565Z - info: Lazy website regeneration complete! Total build time: 1.456s
2024-09-18T04:31:02.055Z - info: [12:31:02 pm] Reload for file change: C:\repos\nus-cs2103\cs2103-website-base\admin\appendixC-faq.md
2024-09-18T04:31:02.055Z - info: Synchronizing opened pages list before reload
2024-09-18T04:31:02.056Z - info: Current opened pages, from most-to-least recent:
2024-09-18T04:31:02.056Z - info: 1. admin/appendixC-faq
2024-09-18T04:31:03.070Z - info: Rebuilding 1 pages
2024-09-18T04:31:04.867Z - info: Site data built
2024-09-18T04:31:04.867Z - info: Pages rebuilt
2024-09-18T04:31:04.868Z - info: Website regeneration complete! Total build time: 1.8s
2024-09-18T04:32:46.911Z - info: [12:32:46 pm] Reload for file change: C:\repos\nus-cs2103\cs2103-website-base\admin\appendixC-faq.md
2024-09-18T04:32:46.912Z - info: Synchronizing opened pages list before reload
2024-09-18T04:32:46.912Z - info: Current opened pages, from most-to-least recent:
2024-09-18T04:32:46.913Z - info: 1. admin/appendixC-faq
2024-09-18T04:32:47.930Z - info: Rebuilding 1 pages
2024-09-18T04:32:49.533Z - info: Site data built
2024-09-18T04:32:49.533Z - info: Pages rebuilt
2024-09-18T04:32:49.534Z - info: Website regeneration complete! Total build time: 1.604s
2024-09-18T04:33:12.652Z - info: Building C:\repos\nus-cs2103\cs2103-website-base\schedule\week6\project as some of its dependencies were changed since the last visit
2024-09-18T04:33:15.806Z - info: Site data built
2024-09-18T04:33:15.806Z - info: Lazy website regeneration complete! Total build time: 3.155s
2024-09-18T04:35:23.682Z - info: [12:35:23 pm] Reload for file change: C:\repos\nus-cs2103\cs2103-website-base\admin\tp-tasks-fragment.md
2024-09-18T04:35:23.682Z - info: Synchronizing opened pages list before reload
2024-09-18T04:35:23.683Z - info: Current opened pages, from most-to-least recent:
2024-09-18T04:35:23.683Z - info: 1. schedule/week6/project
2024-09-18T04:35:24.692Z - info: Rebuilding 1 pages
2024-09-18T04:35:28.372Z - error:  Error: No such segment '#faq--Q' in file: C:\repos\nus-cs2103\cs2103-website-base\admin\faq-fragment.md
Missing reference in C:\repos\nus-cs2103\cs2103-website-base\admin\tp-tasks-fragment.md
    at processInclude (C:\Users\dcsdcr\AppData\Roaming\npm\node_modules\markbind-cli\node_modules\@markbind\core\src\html\includePanelProcessor.js:238:27)
    at NodeProcessor.processNode (C:\Users\dcsdcr\AppData\Roaming\npm\node_modules\markbind-cli\node_modules\@markbind\core\src\html\NodeProcessor.js:173:71)
    at NodeProcessor.traverse (C:\Users\dcsdcr\AppData\Roaming\npm\node_modules\markbind-cli\node_modules\@markbind\core\src\html\NodeProcessor.js:342:24)
    at C:\Users\dcsdcr\AppData\Roaming\npm\node_modules\markbind-cli\node_modules\@markbind\core\src\html\NodeProcessor.js:346:22
    at Array.forEach (<anonymous>)
    at NodeProcessor.traverse (C:\Users\dcsdcr\AppData\Roaming\npm\node_modules\markbind-cli\node_modules\@markbind\core\src\html\NodeProcessor.js:345:27)
    at C:\Users\dcsdcr\AppData\Roaming\npm\node_modules\markbind-cli\node_modules\@markbind\core\src\html\NodeProcessor.js:346:22
    at Array.forEach (<anonymous>)
    at NodeProcessor.traverse (C:\Users\dcsdcr\AppData\Roaming\npm\node_modules\markbind-cli\node_modules\@markbind\core\src\html\NodeProcessor.js:345:27)
    at C:\Users\dcsdcr\AppData\Roaming\npm\node_modules\markbind-cli\node_modules\@markbind\core\src\html\NodeProcessor.js:346:22
    at Array.forEach (<anonymous>)
    at NodeProcessor.traverse (C:\Users\dcsdcr\AppData\Roaming\npm\node_modules\markbind-cli\node_modules\@markbind\core\src\html\NodeProcessor.js:345:27)
    at C:\Users\dcsdcr\AppData\Roaming\npm\node_modules\markbind-cli\node_modules\@markbind\core\src\html\NodeProcessor.js:346:22
    at Array.forEach (<anonymous>)
    at NodeProcessor.traverse (C:\Users\dcsdcr\AppData\Roaming\npm\node_modules\markbind-cli\node_modules\@markbind\core\src\html\NodeProcessor.js:345:27)
    at C:\Users\dcsdcr\AppData\Roaming\npm\node_modules\markbind-cli\node_modules\@markbind\core\src\html\NodeProcessor.js:346:22
2024-09-18T04:35:28.384Z - error:  Error: No such segment '#faq--A' in file: C:\repos\nus-cs2103\cs2103-website-base\admin\faq-fragment.md
Missing reference in C:\repos\nus-cs2103\cs2103-website-base\admin\tp-tasks-fragment.md
    at processInclude (C:\Users\dcsdcr\AppData\Roaming\npm\node_modules\markbind-cli\node_modules\@markbind\core\src\html\includePanelProcessor.js:238:27)
    at NodeProcessor.processNode (C:\Users\dcsdcr\AppData\Roaming\npm\node_modules\markbind-cli\node_modules\@markbind\core\src\html\NodeProcessor.js:173:71)
    at NodeProcessor.traverse (C:\Users\dcsdcr\AppData\Roaming\npm\node_modules\markbind-cli\node_modules\@markbind\core\src\html\NodeProcessor.js:342:24)
    at C:\Users\dcsdcr\AppData\Roaming\npm\node_modules\markbind-cli\node_modules\@markbind\core\src\html\NodeProcessor.js:346:22
    at Array.forEach (<anonymous>)
    at NodeProcessor.traverse (C:\Users\dcsdcr\AppData\Roaming\npm\node_modules\markbind-cli\node_modules\@markbind\core\src\html\NodeProcessor.js:345:27)
    at C:\Users\dcsdcr\AppData\Roaming\npm\node_modules\markbind-cli\node_modules\@markbind\core\src\html\NodeProcessor.js:346:22
    at Array.forEach (<anonymous>)
    at NodeProcessor.traverse (C:\Users\dcsdcr\AppData\Roaming\npm\node_modules\markbind-cli\node_modules\@markbind\core\src\html\NodeProcessor.js:345:27)
    at C:\Users\dcsdcr\AppData\Roaming\npm\node_modules\markbind-cli\node_modules\@markbind\core\src\html\NodeProcessor.js:346:22
    at Array.forEach (<anonymous>)
    at NodeProcessor.traverse (C:\Users\dcsdcr\AppData\Roaming\npm\node_modules\markbind-cli\node_modules\@markbind\core\src\html\NodeProcessor.js:345:27)
    at C:\Users\dcsdcr\AppData\Roaming\npm\node_modules\markbind-cli\node_modules\@markbind\core\src\html\NodeProcessor.js:346:22
    at Array.forEach (<anonymous>)
    at NodeProcessor.traverse (C:\Users\dcsdcr\AppData\Roaming\npm\node_modules\markbind-cli\node_modules\@markbind\core\src\html\NodeProcessor.js:345:27)
    at C:\Users\dcsdcr\AppData\Roaming\npm\node_modules\markbind-cli\node_modules\@markbind\core\src\html\NodeProcessor.js:346:22
2024-09-18T04:35:29.569Z - info: Site data built
2024-09-18T04:35:29.570Z - info: Pages rebuilt
2024-09-18T04:35:29.570Z - info: Website regeneration complete! Total build time: 4.88s
2024-09-18T04:35:50.092Z - info: [12:35:50 pm] Reload for file change: C:\repos\nus-cs2103\cs2103-website-base\admin\tp-tasks-fragment.md
2024-09-18T04:35:50.093Z - info: Synchronizing opened pages list before reload
2024-09-18T04:35:50.093Z - info: Current opened pages, from most-to-least recent:
2024-09-18T04:35:50.094Z - info: 1. schedule/week6/project
2024-09-18T04:35:51.100Z - info: Rebuilding 1 pages
2024-09-18T04:35:54.802Z - info: Site data built
2024-09-18T04:35:54.802Z - info: Pages rebuilt
2024-09-18T04:35:54.802Z - info: Website regeneration complete! Total build time: 3.704s
2024-09-18T04:37:28.371Z - info: [12:37:28 pm] Reload for file change: C:\repos\nus-cs2103\cs2103-website-base\admin\faq-fragment.md
2024-09-18T04:37:28.372Z - info: Synchronizing opened pages list before reload
2024-09-18T04:37:28.372Z - info: Current opened pages, from most-to-least recent:
2024-09-18T04:37:28.372Z - info: 1. schedule/week6/project
2024-09-18T04:37:29.379Z - info: Rebuilding 1 pages
2024-09-18T04:37:32.961Z - info: Site data built
2024-09-18T04:37:32.962Z - info: Pages rebuilt
2024-09-18T04:37:32.962Z - info: Website regeneration complete! Total build time: 3.585s
2024-09-18T04:40:08.352Z - info: Website generation started at 12:39:33 pm
2024-09-18T04:40:22.695Z - warn: ENOENT: no such file or directory, open 'C:\repos\nus-cs2103\cs2103-website-base\node_modules\.cache\gh-pages\https!github.com!nus-cs2103-AY2425S1!website.git\book\_markbind\variables.md'
2024-09-18T04:40:22.698Z - warn: ENOENT: no such file or directory, open 'C:\repos\nus-cs2103\cs2103-website-base\node_modules\.cache\gh-pages\https!github.com!nus-cs2103-AY2425S1!website.git\cache\gh-pages\https!github.com!nus-cs2103-AY2425S1!website.git\book\_markbind\variables.md'
2024-09-18T04:40:22.700Z - warn: ENOENT: no such file or directory, open 'C:\repos\nus-cs2103\cs2103-website-base\node_modules\.cache\gh-pages\https!github.com!nus-cs2103-AY2425S1!website.git\cache\gh-pages\https!github.com!nus-cs2103-AY2425S1!website.git\_markbind\variables.md'
2024-09-18T04:40:22.702Z - warn: ENOENT: no such file or directory, open 'C:\repos\nus-cs2103\cs2103-website-base\node_modules\.cache\gh-pages\https!github.com!nus-cs2103-AY2425S1!website.git\_markbind\variables.md'
2024-09-18T04:40:22.861Z - info: Building assets...
2024-09-18T04:41:33.489Z - info: Assets built
2024-09-18T04:41:33.490Z - info: Generating pages...
2024-09-18T04:41:55.582Z - debug:  
2024-09-18T04:41:55.584Z - debug:  
2024-09-18T04:41:55.585Z - debug:  
2024-09-18T04:41:55.586Z - debug:  
2024-09-18T04:41:55.587Z - debug:  
2024-09-18T04:41:55.587Z - debug:  
2024-09-18T04:41:55.588Z - debug:  
2024-09-18T04:41:55.588Z - debug:  
2024-09-18T04:41:55.589Z - debug:  
2024-09-18T04:41:55.935Z - debug:  
2024-09-18T04:41:55.936Z - debug:  
2024-09-18T04:41:55.940Z - debug:  
2024-09-18T04:41:55.982Z - debug:  
2024-09-18T04:41:56.044Z - debug:  
2024-09-18T04:41:56.073Z - debug:  
2024-09-18T04:41:58.313Z - debug:  
2024-09-18T04:41:58.313Z - debug:  
2024-09-18T04:42:28.700Z - debug:  
2024-09-18T04:44:34.367Z - debug:  
2024-09-18T04:44:54.344Z - debug:  
2024-09-18T04:44:54.384Z - debug:  
2024-09-18T04:45:09.812Z - info: Pages built
2024-09-18T04:45:11.197Z - info: Site data built
2024-09-18T04:45:11.197Z - info: Website generation complete! Total build time: 337.258s
2024-09-18T04:45:11.198Z - info: Build success!
2024-09-18T04:49:11.766Z - info: The website has been deployed at: https://nus-cs2103-ay2425s1.github.io/website
2024-09-18T04:52:28.893Z - info: Website generation (lazy) started at 12:52:04 pm
2024-09-18T04:52:45.440Z - warn: ENOENT: no such file or directory, open 'C:\repos\nus-cs2103\cs2103-website-base\cache\gh-pages\https!github.com!nus-cs2103-AY2425S1!website.git\book\_markbind\variables.md'
2024-09-18T04:52:45.442Z - warn: ENOENT: no such file or directory, open 'C:\repos\nus-cs2103\cs2103-website-base\cache\gh-pages\https!github.com!nus-cs2103-AY2425S1!website.git\_markbind\variables.md'
2024-09-18T04:52:45.444Z - warn: ENOENT: no such file or directory, open 'C:\repos\nus-cs2103\cs2103-website-base\node_modules\.cache\gh-pages\https!github.com!nus-cs2103-AY2425S1!website.git\book\_markbind\variables.md'
2024-09-18T04:52:45.445Z - warn: ENOENT: no such file or directory, open 'C:\repos\nus-cs2103\cs2103-website-base\node_modules\.cache\gh-pages\https!github.com!nus-cs2103-AY2425S1!website.git\cache\gh-pages\https!github.com!nus-cs2103-AY2425S1!website.git\book\_markbind\variables.md'
2024-09-18T04:52:45.446Z - warn: ENOENT: no such file or directory, open 'C:\repos\nus-cs2103\cs2103-website-base\node_modules\.cache\gh-pages\https!github.com!nus-cs2103-AY2425S1!website.git\cache\gh-pages\https!github.com!nus-cs2103-AY2425S1!website.git\_markbind\variables.md'
2024-09-18T04:52:45.447Z - warn: ENOENT: no such file or directory, open 'C:\repos\nus-cs2103\cs2103-website-base\node_modules\.cache\gh-pages\https!github.com!nus-cs2103-AY2425S1!website.git\_markbind\variables.md'
2024-09-18T04:52:45.568Z - info: Building assets...
2024-09-18T04:54:41.049Z - info: Assets built
2024-09-18T04:54:41.051Z - info: Generating landing page...
2024-09-18T04:54:42.572Z - info: Landing page built, other pages will be built as you navigate to them!
2024-09-18T04:54:43.747Z - info: Site data built
2024-09-18T04:54:43.747Z - info: Website generation (lazy) complete! Total build time: 159.667s
2024-09-18T04:54:43.801Z - info: Serving "C:\repos\nus-cs2103\cs2103-website-base\_site" at http://127.0.0.1:8080
2024-09-18T04:54:43.801Z - info: Press CTRL+C to stop ...
2024-09-18T05:45:59.851Z - info: Building C:\repos\nus-cs2103\cs2103-website-base\schedule\week6\project as some of its dependencies were changed since the last visit
2024-09-18T05:46:03.186Z - info: Site data built
2024-09-18T05:46:03.187Z - info: Lazy website regeneration complete! Total build time: 3.338s
2024-09-18T05:47:49.503Z - info: [1:47:49 pm] Reload for file change: C:\repos\nus-cs2103\cs2103-website-base\admin\ip-tasks-fragment.md
2024-09-18T05:47:49.505Z - info: Synchronizing opened pages list before reload
2024-09-18T05:47:49.506Z - info: Current opened pages, from most-to-least recent:
2024-09-18T05:47:49.506Z - info: 1. schedule/week6/project
2024-09-18T05:47:50.518Z - info: Rebuilding 1 pages
2024-09-18T05:47:54.531Z - info: Site data built
2024-09-18T05:47:54.532Z - info: Pages rebuilt
2024-09-18T05:47:54.533Z - info: Website regeneration complete! Total build time: 4.019s
2024-09-18T05:48:35.088Z - info: [1:48:35 pm] Reload for file change: C:\repos\nus-cs2103\cs2103-website-base\admin\ip-tasks-fragment.md
2024-09-18T05:48:35.089Z - info: Synchronizing opened pages list before reload
2024-09-18T05:48:35.090Z - info: Current opened pages, from most-to-least recent:
2024-09-18T05:48:35.090Z - info: 1. schedule/week6/project
2024-09-18T05:48:36.108Z - info: Rebuilding 1 pages
2024-09-18T05:48:39.818Z - info: Site data built
2024-09-18T05:48:39.818Z - info: Pages rebuilt
2024-09-18T05:48:39.819Z - info: Website regeneration complete! Total build time: 3.713s
2024-09-18T05:49:48.070Z - info: [1:49:48 pm] Reload for file change: C:\repos\nus-cs2103\cs2103-website-base\admin\ip-tasks-fragment.md
2024-09-18T05:49:48.071Z - info: Synchronizing opened pages list before reload
2024-09-18T05:49:48.072Z - info: Current opened pages, from most-to-least recent:
2024-09-18T05:49:48.072Z - info: 1. schedule/week6/project
2024-09-18T05:49:49.078Z - info: Rebuilding 1 pages
2024-09-18T05:49:52.700Z - info: Site data built
2024-09-18T05:49:52.700Z - info: Pages rebuilt
2024-09-18T05:49:52.701Z - info: Website regeneration complete! Total build time: 3.624s
2024-09-18T05:53:20.517Z - info: Website generation started at 1:52:35 pm
2024-09-18T05:53:35.768Z - warn: ENOENT: no such file or directory, open 'C:\repos\nus-cs2103\cs2103-website-base\node_modules\.cache\gh-pages\https!github.com!nus-cs2103-AY2425S1!website.git\book\_markbind\variables.md'
2024-09-18T05:53:35.771Z - warn: ENOENT: no such file or directory, open 'C:\repos\nus-cs2103\cs2103-website-base\node_modules\.cache\gh-pages\https!github.com!nus-cs2103-AY2425S1!website.git\cache\gh-pages\https!github.com!nus-cs2103-AY2425S1!website.git\book\_markbind\variables.md'
2024-09-18T05:53:35.773Z - warn: ENOENT: no such file or directory, open 'C:\repos\nus-cs2103\cs2103-website-base\node_modules\.cache\gh-pages\https!github.com!nus-cs2103-AY2425S1!website.git\cache\gh-pages\https!github.com!nus-cs2103-AY2425S1!website.git\_markbind\variables.md'
2024-09-18T05:53:35.776Z - warn: ENOENT: no such file or directory, open 'C:\repos\nus-cs2103\cs2103-website-base\node_modules\.cache\gh-pages\https!github.com!nus-cs2103-AY2425S1!website.git\_markbind\variables.md'
2024-09-18T05:53:35.878Z - info: Building assets...
2024-09-18T05:54:49.595Z - info: Assets built
2024-09-18T05:54:49.597Z - info: Generating pages...
2024-09-18T05:55:11.729Z - debug:  
2024-09-18T05:55:11.732Z - debug:  
2024-09-18T05:55:11.734Z - debug:  
2024-09-18T05:55:11.734Z - debug:  
2024-09-18T05:55:11.735Z - debug:  
2024-09-18T05:55:11.736Z - debug:  
2024-09-18T05:55:11.736Z - debug:  
2024-09-18T05:55:11.737Z - debug:  
2024-09-18T05:55:11.738Z - debug:  
2024-09-18T05:55:11.738Z - debug:  
2024-09-18T05:55:12.217Z - debug:  
2024-09-18T05:55:12.217Z - debug:  
2024-09-18T05:55:12.218Z - debug:  
2024-09-18T05:55:12.218Z - debug:  
2024-09-18T05:55:12.219Z - debug:  
2024-09-18T05:55:14.913Z - debug:  
2024-09-18T05:55:14.913Z - debug:  
2024-09-18T05:55:49.865Z - debug:  
2024-09-18T05:58:00.753Z - debug:  
2024-09-18T05:58:20.868Z - debug:  
2024-09-18T05:58:21.034Z - debug:  
2024-09-18T05:58:35.580Z - info: Pages built
2024-09-18T05:58:36.911Z - info: Site data built
2024-09-18T05:58:36.912Z - info: Website generation complete! Total build time: 361.909s
2024-09-18T05:58:36.912Z - info: Build success!
2024-09-18T06:02:31.880Z - info: The website has been deployed at: https://nus-cs2103-ay2425s1.github.io/website
2024-09-18T07:34:57.509Z - info: Website generation (lazy) started at 3:34:18 pm
2024-09-18T07:35:20.536Z - warn: ENOENT: no such file or directory, open 'C:\repos\nus-cs2103\cs2103-website-base\cache\gh-pages\https!github.com!nus-cs2103-AY2425S1!website.git\book\_markbind\variables.md'
2024-09-18T07:35:20.539Z - warn: ENOENT: no such file or directory, open 'C:\repos\nus-cs2103\cs2103-website-base\cache\gh-pages\https!github.com!nus-cs2103-AY2425S1!website.git\_markbind\variables.md'
2024-09-18T07:35:20.542Z - warn: ENOENT: no such file or directory, open 'C:\repos\nus-cs2103\cs2103-website-base\node_modules\.cache\gh-pages\https!github.com!nus-cs2103-AY2425S1!website.git\book\_markbind\variables.md'
2024-09-18T07:35:20.544Z - warn: ENOENT: no such file or directory, open 'C:\repos\nus-cs2103\cs2103-website-base\node_modules\.cache\gh-pages\https!github.com!nus-cs2103-AY2425S1!website.git\cache\gh-pages\https!github.com!nus-cs2103-AY2425S1!website.git\book\_markbind\variables.md'
2024-09-18T07:35:20.545Z - warn: ENOENT: no such file or directory, open 'C:\repos\nus-cs2103\cs2103-website-base\node_modules\.cache\gh-pages\https!github.com!nus-cs2103-AY2425S1!website.git\cache\gh-pages\https!github.com!nus-cs2103-AY2425S1!website.git\_markbind\variables.md'
2024-09-18T07:35:20.549Z - warn: ENOENT: no such file or directory, open 'C:\repos\nus-cs2103\cs2103-website-base\node_modules\.cache\gh-pages\https!github.com!nus-cs2103-AY2425S1!website.git\_markbind\variables.md'
2024-09-18T07:35:20.719Z - info: Building assets...
2024-09-18T07:38:12.128Z - info: Assets built
2024-09-18T07:38:12.131Z - info: Generating landing page...
2024-09-18T07:38:14.039Z - info: Landing page built, other pages will be built as you navigate to them!
2024-09-18T07:38:15.708Z - info: Site data built
2024-09-18T07:38:15.709Z - info: Website generation (lazy) complete! Total build time: 237.291s
2024-09-18T07:38:16.252Z - info: Serving "C:\repos\nus-cs2103\cs2103-website-base\_site" at http://127.0.0.1:8080
2024-09-18T07:38:16.253Z - info: Press CTRL+C to stop ...
2024-09-18T07:38:22.227Z - info: [3:38:22 pm] Reload for file change: C:\repos\nus-cs2103\cs2103-website-base\book\projectDuke\extensions-fragment.md
2024-09-18T07:38:22.230Z - info: Synchronizing opened pages list before reload
2024-09-18T07:38:22.231Z - info: No pages are currently opened
2024-09-18T07:38:23.345Z - info: Assets built
2024-09-18T07:39:05.432Z - info: [3:39:05 pm] Reload for file change: C:\repos\nus-cs2103\cs2103-website-base\book\projectDuke\extensions-fragment.md
2024-09-18T07:39:05.433Z - info: Synchronizing opened pages list before reload
2024-09-18T07:39:05.433Z - info: Current opened pages, from most-to-least recent:
2024-09-18T07:39:05.434Z - info: 1. index
2024-09-18T07:39:06.446Z - info: Assets built
2024-09-18T07:39:14.623Z - info: Building C:\repos\nus-cs2103\cs2103-website-base\se-book-adapted\index as some of its dependencies were changed since the last visit
2024-09-18T07:39:14.932Z - info: Site data built
2024-09-18T07:39:14.932Z - info: Lazy website regeneration complete! Total build time: 0.309s
2024-09-18T07:39:19.581Z - info: Building C:\repos\nus-cs2103\cs2103-website-base\se-book-adapted\projectDuke\index as some of its dependencies were changed since the last visit
2024-09-18T07:39:20.460Z - info: Site data built
2024-09-18T07:39:20.461Z - info: Lazy website regeneration complete! Total build time: 0.88s
2024-09-18T07:39:34.145Z - info: [3:39:34 pm] Reload for file change: C:\repos\nus-cs2103\cs2103-website-base\book\projectDuke\extensions-fragment.md
2024-09-18T07:39:34.146Z - info: Synchronizing opened pages list before reload
2024-09-18T07:39:34.146Z - info: Current opened pages, from most-to-least recent:
2024-09-18T07:39:34.148Z - info: 1. se-book-adapted/projectDuke/index
2024-09-18T07:39:35.164Z - info: Rebuilding 1 pages
2024-09-18T07:39:36.610Z - info: Site data built
2024-09-18T07:39:36.611Z - info: Pages rebuilt
2024-09-18T07:39:36.612Z - info: Website regeneration complete! Total build time: 1.449s
2024-09-18T07:40:38.699Z - info: [3:40:38 pm] Reload for file change: C:\repos\nus-cs2103\cs2103-website-base\book\projectDuke\extensions-fragment.md
2024-09-18T07:40:38.700Z - info: Synchronizing opened pages list before reload
2024-09-18T07:40:38.701Z - info: Current opened pages, from most-to-least recent:
2024-09-18T07:40:38.702Z - info: 1. se-book-adapted/projectDuke/index
2024-09-18T07:40:39.711Z - info: Rebuilding 1 pages
2024-09-18T07:40:40.807Z - info: Site data built
2024-09-18T07:40:40.808Z - info: Pages rebuilt
2024-09-18T07:40:40.808Z - info: Website regeneration complete! Total build time: 1.1s
2024-09-18T07:40:52.932Z - info: [3:40:52 pm] Reload for file change: C:\repos\nus-cs2103\cs2103-website-base\book\projectDuke\extensions-fragment.md
2024-09-18T07:40:52.933Z - info: Synchronizing opened pages list before reload
2024-09-18T07:40:52.934Z - info: Current opened pages, from most-to-least recent:
2024-09-18T07:40:52.935Z - info: 1. se-book-adapted/projectDuke/index
2024-09-18T07:40:53.939Z - info: Rebuilding 1 pages
2024-09-18T07:40:54.924Z - info: Site data built
2024-09-18T07:40:54.927Z - info: Pages rebuilt
2024-09-18T07:40:54.928Z - info: Website regeneration complete! Total build time: 0.989s
2024-09-18T07:41:48.405Z - info: [3:41:48 pm] Reload for file change: C:\repos\nus-cs2103\cs2103-website-base\book\projectDuke\extensions-fragment.md
2024-09-18T07:41:48.406Z - info: Synchronizing opened pages list before reload
2024-09-18T07:41:48.406Z - info: Current opened pages, from most-to-least recent:
2024-09-18T07:41:48.406Z - info: 1. se-book-adapted/projectDuke/index
2024-09-18T07:41:49.414Z - info: Rebuilding 1 pages
2024-09-18T07:41:50.358Z - info: Site data built
2024-09-18T07:41:50.359Z - info: Pages rebuilt
2024-09-18T07:41:50.359Z - info: Website regeneration complete! Total build time: 0.946s
2024-09-18T07:42:18.689Z - info: [3:42:18 pm] Reload for file change: C:\repos\nus-cs2103\cs2103-website-base\book\projectDuke\extensions-fragment.md
2024-09-18T07:42:18.690Z - info: Synchronizing opened pages list before reload
2024-09-18T07:42:18.690Z - info: Current opened pages, from most-to-least recent:
2024-09-18T07:42:18.690Z - info: 1. se-book-adapted/projectDuke/index
2024-09-18T07:42:19.703Z - info: Rebuilding 1 pages
2024-09-18T07:42:20.423Z - info: Site data built
2024-09-18T07:42:20.424Z - info: Pages rebuilt
2024-09-18T07:42:20.424Z - info: Website regeneration complete! Total build time: 0.722s
2024-09-18T07:44:16.512Z - info: Website generation started at 3:43:35 pm
2024-09-18T07:44:31.773Z - warn: ENOENT: no such file or directory, open 'C:\repos\nus-cs2103\cs2103-website-base\node_modules\.cache\gh-pages\https!github.com!nus-cs2103-AY2425S1!website.git\book\_markbind\variables.md'
2024-09-18T07:44:31.775Z - warn: ENOENT: no such file or directory, open 'C:\repos\nus-cs2103\cs2103-website-base\node_modules\.cache\gh-pages\https!github.com!nus-cs2103-AY2425S1!website.git\cache\gh-pages\https!github.com!nus-cs2103-AY2425S1!website.git\book\_markbind\variables.md'
2024-09-18T07:44:31.777Z - warn: ENOENT: no such file or directory, open 'C:\repos\nus-cs2103\cs2103-website-base\node_modules\.cache\gh-pages\https!github.com!nus-cs2103-AY2425S1!website.git\cache\gh-pages\https!github.com!nus-cs2103-AY2425S1!website.git\_markbind\variables.md'
2024-09-18T07:44:31.778Z - warn: ENOENT: no such file or directory, open 'C:\repos\nus-cs2103\cs2103-website-base\node_modules\.cache\gh-pages\https!github.com!nus-cs2103-AY2425S1!website.git\_markbind\variables.md'
2024-09-18T07:44:31.974Z - info: Building assets...
2024-09-18T07:45:36.264Z - info: Assets built
2024-09-18T07:45:36.266Z - info: Generating pages...
2024-09-18T07:45:59.117Z - debug:  
2024-09-18T07:45:59.120Z - debug:  
2024-09-18T07:45:59.121Z - debug:  
2024-09-18T07:45:59.121Z - debug:  
2024-09-18T07:45:59.122Z - debug:  
2024-09-18T07:45:59.122Z - debug:  
2024-09-18T07:45:59.123Z - debug:  
2024-09-18T07:45:59.123Z - debug:  
2024-09-18T07:45:59.124Z - debug:  
2024-09-18T07:45:59.124Z - debug:  
2024-09-18T07:45:59.125Z - debug:  
2024-09-18T07:45:59.526Z - debug:  
2024-09-18T07:45:59.527Z - debug:  
2024-09-18T07:45:59.528Z - debug:  
2024-09-18T07:45:59.529Z - debug:  
2024-09-18T07:46:02.073Z - debug:  
2024-09-18T07:46:02.073Z - debug:  
2024-09-18T07:46:32.975Z - debug:  
2024-09-18T07:48:33.570Z - debug:  
2024-09-18T07:48:59.044Z - debug:  
2024-09-18T07:48:59.155Z - debug:  
2024-09-18T07:49:13.781Z - info: Pages built
2024-09-18T07:49:15.079Z - info: Site data built
2024-09-18T07:49:15.080Z - info: Website generation complete! Total build time: 339.93s
2024-09-18T07:49:15.080Z - info: Build success!
2024-09-18T07:52:00.363Z - info: The website has been deployed at: https://nus-cs2103-ay2425s1.github.io/website
2024-09-18T11:57:08.866Z - info: Website generation started at 7:56:42 pm
2024-09-18T11:57:24.155Z - warn: ENOENT: no such file or directory, open 'C:\repos\nus-cs2103\cs2103-website-base\node_modules\.cache\gh-pages\https!github.com!nus-cs2103-AY2425S1!website.git\book\_markbind\variables.md'
2024-09-18T11:57:24.157Z - warn: ENOENT: no such file or directory, open 'C:\repos\nus-cs2103\cs2103-website-base\node_modules\.cache\gh-pages\https!github.com!nus-cs2103-AY2425S1!website.git\cache\gh-pages\https!github.com!nus-cs2103-AY2425S1!website.git\book\_markbind\variables.md'
2024-09-18T11:57:24.158Z - warn: ENOENT: no such file or directory, open 'C:\repos\nus-cs2103\cs2103-website-base\node_modules\.cache\gh-pages\https!github.com!nus-cs2103-AY2425S1!website.git\cache\gh-pages\https!github.com!nus-cs2103-AY2425S1!website.git\_markbind\variables.md'
2024-09-18T11:57:24.160Z - warn: ENOENT: no such file or directory, open 'C:\repos\nus-cs2103\cs2103-website-base\node_modules\.cache\gh-pages\https!github.com!nus-cs2103-AY2425S1!website.git\_markbind\variables.md'
2024-09-18T11:57:24.242Z - info: Building assets...
